<?xml version="1.0" encoding="UTF-8"?>
<!-- Generated by org.testng.reporters.JUnitXMLReporter -->
<testsuite hostname="PC201703061101" name="Test" tests="5" failures="0" timestamp="27 Mar 2020 09:15:47 GMT" time="162.69" errors="0">
  <testcase name="ywsl_xcsl_save_zxSave_failure_test_case" time="28.827" classname="testcase.ywsl.xcsl.save.zxSave.ZxSaveTester"/>
  <testcase name="ywsl_xcsl_save_zxSave_failure_test_case" time="23.975" classname="testcase.ywsl.xcsl.save.zxSave.ZxSaveTester"/>
  <testcase name="ywsl_xcsl_save_zxSave_failure_test_case" time="29.711" classname="testcase.ywsl.xcsl.save.zxSave.ZxSaveTester"/>
  <testcase name="ywsl_xcsl_save_zxSave_failure_test_case" time="38.343" classname="testcase.ywsl.xcsl.save.zxSave.ZxSaveTester"/>
  <testcase name="ywsl_xcsl_save_zxSave_failure_test_case" time="33.023" classname="testcase.ywsl.xcsl.save.zxSave.ZxSaveTester"/>
</testsuite> <!-- Test -->
