<?xml version="1.0" encoding="UTF-8"?>
<!-- Generated by org.testng.reporters.JUnitXMLReporter -->
<testsuite hostname="PC201703061101" name="Xcsl_ZxSave_Test" tests="9" failures="0" timestamp="27 Mar 2020 09:43:01 GMT" time="329.902" errors="0">
  <testcase name="ywsl_xcsl_save_zxSave_failure_test_case" time="29.101" classname="testcase.ywsl.xcsl.save.zxSave.ZxSaveTester"/>
  <testcase name="ywsl_xcsl_save_zxSave_failure_test_case" time="26.953" classname="testcase.ywsl.xcsl.save.zxSave.ZxSaveTester"/>
  <testcase name="ywsl_xcsl_save_zxSave_failure_test_case" time="34.836" classname="testcase.ywsl.xcsl.save.zxSave.ZxSaveTester"/>
  <testcase name="ywsl_xcsl_save_zxSave_failure_test_case" time="40.52" classname="testcase.ywsl.xcsl.save.zxSave.ZxSaveTester"/>
  <testcase name="ywsl_xcsl_save_zxSave_failure_test_case" time="33.863" classname="testcase.ywsl.xcsl.save.zxSave.ZxSaveTester"/>
  <testcase name="ywsl_xcsl_save_zxSave_success_test_case" time="37.388" classname="testcase.ywsl.xcsl.save.zxSave.ZxSaveTester"/>
  <testcase name="ywsl_xcsl_save_zxSave_success_test_case" time="37.324" classname="testcase.ywsl.xcsl.save.zxSave.ZxSaveTester"/>
  <testcase name="ywsl_xcsl_save_zxSave_success_test_case" time="41.486" classname="testcase.ywsl.xcsl.save.zxSave.ZxSaveTester"/>
  <testcase name="ywsl_xcsl_save_zxSave_success_test_case" time="36.472" classname="testcase.ywsl.xcsl.save.zxSave.ZxSaveTester"/>
</testsuite> <!-- Xcsl_ZxSave_Test -->
