<?xml version="1.0" encoding="UTF-8"?>
<!-- Generated by org.testng.reporters.JUnitXMLReporter -->
<testsuite hostname="PC201703061101" name="Xcsl_ZxSave_Test" tests="9" failures="0" timestamp="31 Mar 2020 08:39:27 GMT" time="278.347" errors="0">
  <testcase name="ywsl_xcsl_save_zxSave_failure_test_case" time="22.645" classname="testcase.ywsl.xcsl.save.zxSave.ZxSaveTester"/>
  <testcase name="ywsl_xcsl_save_zxSave_failure_test_case" time="21.318" classname="testcase.ywsl.xcsl.save.zxSave.ZxSaveTester"/>
  <testcase name="ywsl_xcsl_save_zxSave_failure_test_case" time="29.004" classname="testcase.ywsl.xcsl.save.zxSave.ZxSaveTester"/>
  <testcase name="ywsl_xcsl_save_zxSave_failure_test_case" time="34.59" classname="testcase.ywsl.xcsl.save.zxSave.ZxSaveTester"/>
  <testcase name="ywsl_xcsl_save_zxSave_failure_test_case" time="28.444" classname="testcase.ywsl.xcsl.save.zxSave.ZxSaveTester"/>
  <testcase name="ywsl_xcsl_save_zxSave_success_test_case" time="29.679" classname="testcase.ywsl.xcsl.save.zxSave.ZxSaveTester"/>
  <testcase name="ywsl_xcsl_save_zxSave_success_test_case" time="30.979" classname="testcase.ywsl.xcsl.save.zxSave.ZxSaveTester"/>
  <testcase name="ywsl_xcsl_save_zxSave_success_test_case" time="38.347" classname="testcase.ywsl.xcsl.save.zxSave.ZxSaveTester"/>
  <testcase name="ywsl_xcsl_save_zxSave_success_test_case" time="32.139" classname="testcase.ywsl.xcsl.save.zxSave.ZxSaveTester"/>
</testsuite> <!-- Xcsl_ZxSave_Test -->
