<?xml version="1.0" encoding="UTF-8"?>
<testsuite xmlns:xsi="http://www.w3.org/2001/XMLSchema-instance" xsi:noNamespaceSchemaLocation="https://maven.apache.org/surefire/maven-surefire-plugin/xsd/surefire-test-report.xsd" name="TestSuite" time="767.144" tests="27" errors="0" skipped="0" failures="8">
  <properties>
[...]
</properties>
  <testcase name="ywsl_xcsl_save_cxSave_failure_test_case" classname="testcase.ywsl.xcsl.save.cxSave.CxSaveTester" time="29.978"/>
  <testcase name="ywsl_xcsl_save_cxSave_failure_test_case" classname="testcase.ywsl.xcsl.save.cxSave.CxSaveTester" time="32.283">
    <failure message="Timed out after 5 seconds waiting for base.BaseTester$4@1601832&#10;Build info: version: &apos;2.53.1&apos;, revision: &apos;a36b8b1cd5757287168e54b817830adce9b0158d&apos;, time: &apos;2016-06-30 19:26:09&apos;&#10;System info: host: &apos;PC201703061101&apos;, ip: &apos;192.168.8.75&apos;, os.name: &apos;Windows 7&apos;, os.arch: &apos;x86&apos;, os.version: &apos;6.1&apos;, java.version: &apos;1.8.0_181&apos;&#10;Driver info: org.openqa.selenium.chrome.ChromeDriver&#10;Capabilities [{mobileEmulationEnabled=false, timeouts={implicit=0, pageLoad=300000, script=30000}, hasTouchScreen=false, platform=XP, acceptSslCerts=false, goog:chromeOptions={debuggerAddress=localhost:28666}, acceptInsecureCerts=false, webStorageEnabled=true, browserName=chrome, takesScreenshot=true, javascriptEnabled=true, setWindowRect=true, unexpectedAlertBehaviour=ignore, applicationCacheEnabled=false, rotatable=false, networkConnectionEnabled=false, chrome={chromedriverVersion=79.0.3945.36 (3582db32b33893869b8c1339e8f4d9ed1816f143-refs/branch-heads/3945@{#614}), userDataDir=C:\Users\ADMINI~1\AppData\Local\Temp\scoped_dir12272_722766244}, takesHeapSnapshot=true, pageLoadStrategy=normal, strictFileInteractability=false, databaseEnabled=false, handlesAlerts=true, version=79.0.3945.117, browserConnectionEnabled=false, proxy={}, nativeEvents=true, locationContextEnabled=true, cssSelectorsEnabled=true}]&#10;Session ID: 019fa8df6888836938fa42ac6f16cc66" type="org.openqa.selenium.TimeoutException">org.openqa.selenium.TimeoutException: 
Timed out after 5 seconds waiting for base.BaseTester$4@1601832
Build info: version: '2.53.1', revision: 'a36b8b1cd5757287168e54b817830adce9b0158d', time: '2016-06-30 19:26:09'
System info: host: 'PC201703061101', ip: '192.168.8.75', os.name: 'Windows 7', os.arch: 'x86', os.version: '6.1', java.version: '1.8.0_181'
Driver info: org.openqa.selenium.chrome.ChromeDriver
Capabilities [{mobileEmulationEnabled=false, timeouts={implicit=0, pageLoad=300000, script=30000}, hasTouchScreen=false, platform=XP, acceptSslCerts=false, goog:chromeOptions={debuggerAddress=localhost:28666}, acceptInsecureCerts=false, webStorageEnabled=true, browserName=chrome, takesScreenshot=true, javascriptEnabled=true, setWindowRect=true, unexpectedAlertBehaviour=ignore, applicationCacheEnabled=false, rotatable=false, networkConnectionEnabled=false, chrome={chromedriverVersion=79.0.3945.36 (3582db32b33893869b8c1339e8f4d9ed1816f143-refs/branch-heads/3945@{#614}), userDataDir=C:\Users\ADMINI~1\AppData\Local\Temp\scoped_dir12272_722766244}, takesHeapSnapshot=true, pageLoadStrategy=normal, strictFileInteractability=false, databaseEnabled=false, handlesAlerts=true, version=79.0.3945.117, browserConnectionEnabled=false, proxy={}, nativeEvents=true, locationContextEnabled=true, cssSelectorsEnabled=true}]
Session ID: 019fa8df6888836938fa42ac6f16cc66
	at testcase.ywsl.xcsl.save.cxSave.CxSaveTester.ywsl_xcsl_save_cxSave_failure_test_case(CxSaveTester.java:111)
</failure>
    <system-out><![CDATA[[INFO] 2020-03-31 16:32:14 method: base.BaseTester.switchToHandle(BaseTester.java:356)----句柄列表：[CDwindow-51EF89F8032CCAC51475ACEE71C0CB7F]
[INFO] 2020-03-31 16:32:18 method: base.BaseTester.switchToHandle(BaseTester.java:356)----句柄列表：[CDwindow-51EF89F8032CCAC51475ACEE71C0CB7F, CDwindow-A118D5FAA24155F717958801462FF23B]
[INFO] 2020-03-31 16:32:25 method: base.BaseTester.getElements(BaseTester.java:256)----得到的列表是：[[[ChromeDriver: chrome on XP (019fa8df6888836938fa42ac6f16cc66)] -> css selector: input[name='caseywdwlx']], [[ChromeDriver: chrome on XP (019fa8df6888836938fa42ac6f16cc66)] -> css selector: input[name='caseywdwlx']], [[ChromeDriver: chrome on XP (019fa8df6888836938fa42ac6f16cc66)] -> css selector: input[name='caseywdwlx']], [[ChromeDriver: chrome on XP (019fa8df6888836938fa42ac6f16cc66)] -> css selector: input[name='caseywdwlx']]]
[INFO] 2020-03-31 16:32:26 method: base.BaseTester.getElements(BaseTester.java:256)----得到的列表是：[[[ChromeDriver: chrome on XP (019fa8df6888836938fa42ac6f16cc66)] -> class name: swordselect-list-item], [[ChromeDriver: chrome on XP (019fa8df6888836938fa42ac6f16cc66)] -> class name: swordselect-list-item], [[ChromeDriver: chrome on XP (019fa8df6888836938fa42ac6f16cc66)] -> class name: swordselect-list-item], [[ChromeDriver: chrome on XP (019fa8df6888836938fa42ac6f16cc66)] -> class name: swordselect-list-item], [[ChromeDriver: chrome on XP (019fa8df6888836938fa42ac6f16cc66)] -> class name: swordselect-list-item], [[ChromeDriver: chrome on XP (019fa8df6888836938fa42ac6f16cc66)] -> class name: swordselect-list-item], [[ChromeDriver: chrome on XP (019fa8df6888836938fa42ac6f16cc66)] -> class name: swordselect-list-item], [[ChromeDriver: chrome on XP (019fa8df6888836938fa42ac6f16cc66)] -> class name: swordselect-list-item], [[ChromeDriver: chrome on XP (019fa8df6888836938fa42ac6f16cc66)] -> class name: swordselect-list-item], [[ChromeDriver: chrome on XP (019fa8df6888836938fa42ac6f16cc66)] -> class name: swordselect-list-item], [[ChromeDriver: chrome on XP (019fa8df6888836938fa42ac6f16cc66)] -> class name: swordselect-list-item], [[ChromeDriver: chrome on XP (019fa8df6888836938fa42ac6f16cc66)] -> class name: swordselect-list-item], [[ChromeDriver: chrome on XP (019fa8df6888836938fa42ac6f16cc66)] -> class name: swordselect-list-item], [[ChromeDriver: chrome on XP (019fa8df6888836938fa42ac6f16cc66)] -> class name: swordselect-list-item], [[ChromeDriver: chrome on XP (019fa8df6888836938fa42ac6f16cc66)] -> class name: swordselect-list-item], [[ChromeDriver: chrome on XP (019fa8df6888836938fa42ac6f16cc66)] -> class name: swordselect-list-item], [[ChromeDriver: chrome on XP (019fa8df6888836938fa42ac6f16cc66)] -> class name: swordselect-list-item], [[ChromeDriver: chrome on XP (019fa8df6888836938fa42ac6f16cc66)] -> class name: swordselect-list-item], [[ChromeDriver: chrome on XP (019fa8df6888836938fa42ac6f16cc66)] -> class name: swordselect-list-item], [[ChromeDriver: chrome on XP (019fa8df6888836938fa42ac6f16cc66)] -> class name: swordselect-list-item], [[ChromeDriver: chrome on XP (019fa8df6888836938fa42ac6f16cc66)] -> class name: swordselect-list-item], [[ChromeDriver: chrome on XP (019fa8df6888836938fa42ac6f16cc66)] -> class name: swordselect-list-item], [[ChromeDriver: chrome on XP (019fa8df6888836938fa42ac6f16cc66)] -> class name: swordselect-list-item], [[ChromeDriver: chrome on XP (019fa8df6888836938fa42ac6f16cc66)] -> class name: swordselect-list-item], [[ChromeDriver: chrome on XP (019fa8df6888836938fa42ac6f16cc66)] -> class name: swordselect-list-item], [[ChromeDriver: chrome on XP (019fa8df6888836938fa42ac6f16cc66)] -> class name: swordselect-list-item], [[ChromeDriver: chrome on XP (019fa8df6888836938fa42ac6f16cc66)] -> class name: swordselect-list-item], [[ChromeDriver: chrome on XP (019fa8df6888836938fa42ac6f16cc66)] -> class name: swordselect-list-item], [[ChromeDriver: chrome on XP (019fa8df6888836938fa42ac6f16cc66)] -> class name: swordselect-list-item], [[ChromeDriver: chrome on XP (019fa8df6888836938fa42ac6f16cc66)] -> class name: swordselect-list-item], [[ChromeDriver: chrome on XP (019fa8df6888836938fa42ac6f16cc66)] -> class name: swordselect-list-item], [[ChromeDriver: chrome on XP (019fa8df6888836938fa42ac6f16cc66)] -> class name: swordselect-list-item], [[ChromeDriver: chrome on XP (019fa8df6888836938fa42ac6f16cc66)] -> class name: swordselect-list-item], [[ChromeDriver: chrome on XP (019fa8df6888836938fa42ac6f16cc66)] -> class name: swordselect-list-item]]
[INFO] 2020-03-31 16:32:28 method: base.BaseTester.getElements(BaseTester.java:256)----得到的列表是：[[[ChromeDriver: chrome on XP (019fa8df6888836938fa42ac6f16cc66)] -> class name: swordselect-list-item], [[ChromeDriver: chrome on XP (019fa8df6888836938fa42ac6f16cc66)] -> class name: swordselect-list-item], [[ChromeDriver: chrome on XP (019fa8df6888836938fa42ac6f16cc66)] -> class name: swordselect-list-item], [[ChromeDriver: chrome on XP (019fa8df6888836938fa42ac6f16cc66)] -> class name: swordselect-list-item]]
[INFO] 2020-03-31 16:32:29 method: base.BaseTester.getElements(BaseTester.java:256)----得到的列表是：[[[ChromeDriver: chrome on XP (019fa8df6888836938fa42ac6f16cc66)] -> class name: swordselect-list-item], [[ChromeDriver: chrome on XP (019fa8df6888836938fa42ac6f16cc66)] -> class name: swordselect-list-item], [[ChromeDriver: chrome on XP (019fa8df6888836938fa42ac6f16cc66)] -> class name: swordselect-list-item], [[ChromeDriver: chrome on XP (019fa8df6888836938fa42ac6f16cc66)] -> class name: swordselect-list-item], [[ChromeDriver: chrome on XP (019fa8df6888836938fa42ac6f16cc66)] -> class name: swordselect-list-item], [[ChromeDriver: chrome on XP (019fa8df6888836938fa42ac6f16cc66)] -> class name: swordselect-list-item], [[ChromeDriver: chrome on XP (019fa8df6888836938fa42ac6f16cc66)] -> class name: swordselect-list-item], [[ChromeDriver: chrome on XP (019fa8df6888836938fa42ac6f16cc66)] -> class name: swordselect-list-item], [[ChromeDriver: chrome on XP (019fa8df6888836938fa42ac6f16cc66)] -> class name: swordselect-list-item], [[ChromeDriver: chrome on XP (019fa8df6888836938fa42ac6f16cc66)] -> class name: swordselect-list-item], [[ChromeDriver: chrome on XP (019fa8df6888836938fa42ac6f16cc66)] -> class name: swordselect-list-item], [[ChromeDriver: chrome on XP (019fa8df6888836938fa42ac6f16cc66)] -> class name: swordselect-list-item], [[ChromeDriver: chrome on XP (019fa8df6888836938fa42ac6f16cc66)] -> class name: swordselect-list-item], [[ChromeDriver: chrome on XP (019fa8df6888836938fa42ac6f16cc66)] -> class name: swordselect-list-item], [[ChromeDriver: chrome on XP (019fa8df6888836938fa42ac6f16cc66)] -> class name: swordselect-list-item], [[ChromeDriver: chrome on XP (019fa8df6888836938fa42ac6f16cc66)] -> class name: swordselect-list-item], [[ChromeDriver: chrome on XP (019fa8df6888836938fa42ac6f16cc66)] -> class name: swordselect-list-item], [[ChromeDriver: chrome on XP (019fa8df6888836938fa42ac6f16cc66)] -> class name: swordselect-list-item], [[ChromeDriver: chrome on XP (019fa8df6888836938fa42ac6f16cc66)] -> class name: swordselect-list-item], [[ChromeDriver: chrome on XP (019fa8df6888836938fa42ac6f16cc66)] -> class name: swordselect-list-item], [[ChromeDriver: chrome on XP (019fa8df6888836938fa42ac6f16cc66)] -> class name: swordselect-list-item], [[ChromeDriver: chrome on XP (019fa8df6888836938fa42ac6f16cc66)] -> class name: swordselect-list-item]]
[INFO] 2020-03-31 16:32:31 method: base.BaseTester.getElements(BaseTester.java:256)----得到的列表是：[[[ChromeDriver: chrome on XP (019fa8df6888836938fa42ac6f16cc66)] -> css selector: input[name='caseywlb']], [[ChromeDriver: chrome on XP (019fa8df6888836938fa42ac6f16cc66)] -> css selector: input[name='caseywlb']], [[ChromeDriver: chrome on XP (019fa8df6888836938fa42ac6f16cc66)] -> css selector: input[name='caseywlb']], [[ChromeDriver: chrome on XP (019fa8df6888836938fa42ac6f16cc66)] -> css selector: input[name='caseywlb']], [[ChromeDriver: chrome on XP (019fa8df6888836938fa42ac6f16cc66)] -> css selector: input[name='caseywlb']], [[ChromeDriver: chrome on XP (019fa8df6888836938fa42ac6f16cc66)] -> css selector: input[name='caseywlb']], [[ChromeDriver: chrome on XP (019fa8df6888836938fa42ac6f16cc66)] -> css selector: input[name='caseywlb']], [[ChromeDriver: chrome on XP (019fa8df6888836938fa42ac6f16cc66)] -> css selector: input[name='caseywlb']], [[ChromeDriver: chrome on XP (019fa8df6888836938fa42ac6f16cc66)] -> css selector: input[name='caseywlb']], [[ChromeDriver: chrome on XP (019fa8df6888836938fa42ac6f16cc66)] -> css selector: input[name='caseywlb']]]
[INFO] 2020-03-31 16:32:38 method: base.BaseTester.getElements(BaseTester.java:256)----得到的列表是：[[[ChromeDriver: chrome on XP (019fa8df6888836938fa42ac6f16cc66)] -> css selector: input[name='nsrpjdj']], [[ChromeDriver: chrome on XP (019fa8df6888836938fa42ac6f16cc66)] -> css selector: input[name='nsrpjdj']], [[ChromeDriver: chrome on XP (019fa8df6888836938fa42ac6f16cc66)] -> css selector: input[name='nsrpjdj']]]
[INFO] 2020-03-31 16:32:39 method: base.BaseTester.getElements(BaseTester.java:256)----得到的列表是：[[[ChromeDriver: chrome on XP (019fa8df6888836938fa42ac6f16cc66)] -> class name: swordselect-list-item], [[ChromeDriver: chrome on XP (019fa8df6888836938fa42ac6f16cc66)] -> class name: swordselect-list-item], [[ChromeDriver: chrome on XP (019fa8df6888836938fa42ac6f16cc66)] -> class name: swordselect-list-item], [[ChromeDriver: chrome on XP (019fa8df6888836938fa42ac6f16cc66)] -> class name: swordselect-list-item]]
[INFO] 2020-03-31 16:32:40 method: base.BaseTester.clear(BaseTester.java:171)----开始清空操作
[INFO] 2020-03-31 16:32:40 method: base.BaseTester.getElements(BaseTester.java:256)----得到的列表是：[[[ChromeDriver: chrome on XP (019fa8df6888836938fa42ac6f16cc66)] -> class name: swordselect-list-item], [[ChromeDriver: chrome on XP (019fa8df6888836938fa42ac6f16cc66)] -> class name: swordselect-list-item], [[ChromeDriver: chrome on XP (019fa8df6888836938fa42ac6f16cc66)] -> class name: swordselect-list-item]]
]]></system-out>
  </testcase>
  <testcase name="ywsl_xcsl_save_cxSave_failure_test_case" classname="testcase.ywsl.xcsl.save.cxSave.CxSaveTester" time="36.031">
    <failure message="Timed out after 5 seconds waiting for base.BaseTester$4@16195cf&#10;Build info: version: &apos;2.53.1&apos;, revision: &apos;a36b8b1cd5757287168e54b817830adce9b0158d&apos;, time: &apos;2016-06-30 19:26:09&apos;&#10;System info: host: &apos;PC201703061101&apos;, ip: &apos;192.168.8.75&apos;, os.name: &apos;Windows 7&apos;, os.arch: &apos;x86&apos;, os.version: &apos;6.1&apos;, java.version: &apos;1.8.0_181&apos;&#10;Driver info: org.openqa.selenium.chrome.ChromeDriver&#10;Capabilities [{mobileEmulationEnabled=false, timeouts={implicit=0, pageLoad=300000, script=30000}, hasTouchScreen=false, platform=XP, acceptSslCerts=false, goog:chromeOptions={debuggerAddress=localhost:28666}, acceptInsecureCerts=false, webStorageEnabled=true, browserName=chrome, takesScreenshot=true, javascriptEnabled=true, setWindowRect=true, unexpectedAlertBehaviour=ignore, applicationCacheEnabled=false, rotatable=false, networkConnectionEnabled=false, chrome={chromedriverVersion=79.0.3945.36 (3582db32b33893869b8c1339e8f4d9ed1816f143-refs/branch-heads/3945@{#614}), userDataDir=C:\Users\ADMINI~1\AppData\Local\Temp\scoped_dir12272_722766244}, takesHeapSnapshot=true, pageLoadStrategy=normal, strictFileInteractability=false, databaseEnabled=false, handlesAlerts=true, version=79.0.3945.117, browserConnectionEnabled=false, proxy={}, nativeEvents=true, locationContextEnabled=true, cssSelectorsEnabled=true}]&#10;Session ID: 019fa8df6888836938fa42ac6f16cc66" type="org.openqa.selenium.TimeoutException">org.openqa.selenium.TimeoutException: 
Timed out after 5 seconds waiting for base.BaseTester$4@16195cf
Build info: version: '2.53.1', revision: 'a36b8b1cd5757287168e54b817830adce9b0158d', time: '2016-06-30 19:26:09'
System info: host: 'PC201703061101', ip: '192.168.8.75', os.name: 'Windows 7', os.arch: 'x86', os.version: '6.1', java.version: '1.8.0_181'
Driver info: org.openqa.selenium.chrome.ChromeDriver
Capabilities [{mobileEmulationEnabled=false, timeouts={implicit=0, pageLoad=300000, script=30000}, hasTouchScreen=false, platform=XP, acceptSslCerts=false, goog:chromeOptions={debuggerAddress=localhost:28666}, acceptInsecureCerts=false, webStorageEnabled=true, browserName=chrome, takesScreenshot=true, javascriptEnabled=true, setWindowRect=true, unexpectedAlertBehaviour=ignore, applicationCacheEnabled=false, rotatable=false, networkConnectionEnabled=false, chrome={chromedriverVersion=79.0.3945.36 (3582db32b33893869b8c1339e8f4d9ed1816f143-refs/branch-heads/3945@{#614}), userDataDir=C:\Users\ADMINI~1\AppData\Local\Temp\scoped_dir12272_722766244}, takesHeapSnapshot=true, pageLoadStrategy=normal, strictFileInteractability=false, databaseEnabled=false, handlesAlerts=true, version=79.0.3945.117, browserConnectionEnabled=false, proxy={}, nativeEvents=true, locationContextEnabled=true, cssSelectorsEnabled=true}]
Session ID: 019fa8df6888836938fa42ac6f16cc66
	at testcase.ywsl.xcsl.save.cxSave.CxSaveTester.ywsl_xcsl_save_cxSave_failure_test_case(CxSaveTester.java:111)
</failure>
    <system-out><![CDATA[[INFO] 2020-03-31 16:32:48 method: base.BaseTester.switchToHandle(BaseTester.java:356)----句柄列表：[CDwindow-51EF89F8032CCAC51475ACEE71C0CB7F]
[INFO] 2020-03-31 16:32:54 method: base.BaseTester.switchToHandle(BaseTester.java:356)----句柄列表：[CDwindow-51EF89F8032CCAC51475ACEE71C0CB7F, CDwindow-E9FB7FB9143F683CA9F36B84CE59BD37]
[INFO] 2020-03-31 16:33:01 method: base.BaseTester.getElements(BaseTester.java:256)----得到的列表是：[[[ChromeDriver: chrome on XP (019fa8df6888836938fa42ac6f16cc66)] -> css selector: input[name='caseywdwlx']], [[ChromeDriver: chrome on XP (019fa8df6888836938fa42ac6f16cc66)] -> css selector: input[name='caseywdwlx']], [[ChromeDriver: chrome on XP (019fa8df6888836938fa42ac6f16cc66)] -> css selector: input[name='caseywdwlx']], [[ChromeDriver: chrome on XP (019fa8df6888836938fa42ac6f16cc66)] -> css selector: input[name='caseywdwlx']]]
[INFO] 2020-03-31 16:33:02 method: base.BaseTester.getElements(BaseTester.java:256)----得到的列表是：[[[ChromeDriver: chrome on XP (019fa8df6888836938fa42ac6f16cc66)] -> class name: swordselect-list-item], [[ChromeDriver: chrome on XP (019fa8df6888836938fa42ac6f16cc66)] -> class name: swordselect-list-item], [[ChromeDriver: chrome on XP (019fa8df6888836938fa42ac6f16cc66)] -> class name: swordselect-list-item], [[ChromeDriver: chrome on XP (019fa8df6888836938fa42ac6f16cc66)] -> class name: swordselect-list-item], [[ChromeDriver: chrome on XP (019fa8df6888836938fa42ac6f16cc66)] -> class name: swordselect-list-item], [[ChromeDriver: chrome on XP (019fa8df6888836938fa42ac6f16cc66)] -> class name: swordselect-list-item], [[ChromeDriver: chrome on XP (019fa8df6888836938fa42ac6f16cc66)] -> class name: swordselect-list-item], [[ChromeDriver: chrome on XP (019fa8df6888836938fa42ac6f16cc66)] -> class name: swordselect-list-item], [[ChromeDriver: chrome on XP (019fa8df6888836938fa42ac6f16cc66)] -> class name: swordselect-list-item], [[ChromeDriver: chrome on XP (019fa8df6888836938fa42ac6f16cc66)] -> class name: swordselect-list-item], [[ChromeDriver: chrome on XP (019fa8df6888836938fa42ac6f16cc66)] -> class name: swordselect-list-item], [[ChromeDriver: chrome on XP (019fa8df6888836938fa42ac6f16cc66)] -> class name: swordselect-list-item], [[ChromeDriver: chrome on XP (019fa8df6888836938fa42ac6f16cc66)] -> class name: swordselect-list-item], [[ChromeDriver: chrome on XP (019fa8df6888836938fa42ac6f16cc66)] -> class name: swordselect-list-item], [[ChromeDriver: chrome on XP (019fa8df6888836938fa42ac6f16cc66)] -> class name: swordselect-list-item], [[ChromeDriver: chrome on XP (019fa8df6888836938fa42ac6f16cc66)] -> class name: swordselect-list-item], [[ChromeDriver: chrome on XP (019fa8df6888836938fa42ac6f16cc66)] -> class name: swordselect-list-item], [[ChromeDriver: chrome on XP (019fa8df6888836938fa42ac6f16cc66)] -> class name: swordselect-list-item], [[ChromeDriver: chrome on XP (019fa8df6888836938fa42ac6f16cc66)] -> class name: swordselect-list-item], [[ChromeDriver: chrome on XP (019fa8df6888836938fa42ac6f16cc66)] -> class name: swordselect-list-item], [[ChromeDriver: chrome on XP (019fa8df6888836938fa42ac6f16cc66)] -> class name: swordselect-list-item], [[ChromeDriver: chrome on XP (019fa8df6888836938fa42ac6f16cc66)] -> class name: swordselect-list-item], [[ChromeDriver: chrome on XP (019fa8df6888836938fa42ac6f16cc66)] -> class name: swordselect-list-item], [[ChromeDriver: chrome on XP (019fa8df6888836938fa42ac6f16cc66)] -> class name: swordselect-list-item], [[ChromeDriver: chrome on XP (019fa8df6888836938fa42ac6f16cc66)] -> class name: swordselect-list-item], [[ChromeDriver: chrome on XP (019fa8df6888836938fa42ac6f16cc66)] -> class name: swordselect-list-item], [[ChromeDriver: chrome on XP (019fa8df6888836938fa42ac6f16cc66)] -> class name: swordselect-list-item], [[ChromeDriver: chrome on XP (019fa8df6888836938fa42ac6f16cc66)] -> class name: swordselect-list-item], [[ChromeDriver: chrome on XP (019fa8df6888836938fa42ac6f16cc66)] -> class name: swordselect-list-item], [[ChromeDriver: chrome on XP (019fa8df6888836938fa42ac6f16cc66)] -> class name: swordselect-list-item], [[ChromeDriver: chrome on XP (019fa8df6888836938fa42ac6f16cc66)] -> class name: swordselect-list-item], [[ChromeDriver: chrome on XP (019fa8df6888836938fa42ac6f16cc66)] -> class name: swordselect-list-item], [[ChromeDriver: chrome on XP (019fa8df6888836938fa42ac6f16cc66)] -> class name: swordselect-list-item], [[ChromeDriver: chrome on XP (019fa8df6888836938fa42ac6f16cc66)] -> class name: swordselect-list-item]]
[INFO] 2020-03-31 16:33:03 method: base.BaseTester.getElements(BaseTester.java:256)----得到的列表是：[[[ChromeDriver: chrome on XP (019fa8df6888836938fa42ac6f16cc66)] -> class name: swordselect-list-item], [[ChromeDriver: chrome on XP (019fa8df6888836938fa42ac6f16cc66)] -> class name: swordselect-list-item], [[ChromeDriver: chrome on XP (019fa8df6888836938fa42ac6f16cc66)] -> class name: swordselect-list-item], [[ChromeDriver: chrome on XP (019fa8df6888836938fa42ac6f16cc66)] -> class name: swordselect-list-item]]
[INFO] 2020-03-31 16:33:04 method: base.BaseTester.getElements(BaseTester.java:256)----得到的列表是：[[[ChromeDriver: chrome on XP (019fa8df6888836938fa42ac6f16cc66)] -> class name: swordselect-list-item], [[ChromeDriver: chrome on XP (019fa8df6888836938fa42ac6f16cc66)] -> class name: swordselect-list-item], [[ChromeDriver: chrome on XP (019fa8df6888836938fa42ac6f16cc66)] -> class name: swordselect-list-item], [[ChromeDriver: chrome on XP (019fa8df6888836938fa42ac6f16cc66)] -> class name: swordselect-list-item], [[ChromeDriver: chrome on XP (019fa8df6888836938fa42ac6f16cc66)] -> class name: swordselect-list-item], [[ChromeDriver: chrome on XP (019fa8df6888836938fa42ac6f16cc66)] -> class name: swordselect-list-item], [[ChromeDriver: chrome on XP (019fa8df6888836938fa42ac6f16cc66)] -> class name: swordselect-list-item], [[ChromeDriver: chrome on XP (019fa8df6888836938fa42ac6f16cc66)] -> class name: swordselect-list-item], [[ChromeDriver: chrome on XP (019fa8df6888836938fa42ac6f16cc66)] -> class name: swordselect-list-item], [[ChromeDriver: chrome on XP (019fa8df6888836938fa42ac6f16cc66)] -> class name: swordselect-list-item], [[ChromeDriver: chrome on XP (019fa8df6888836938fa42ac6f16cc66)] -> class name: swordselect-list-item], [[ChromeDriver: chrome on XP (019fa8df6888836938fa42ac6f16cc66)] -> class name: swordselect-list-item], [[ChromeDriver: chrome on XP (019fa8df6888836938fa42ac6f16cc66)] -> class name: swordselect-list-item], [[ChromeDriver: chrome on XP (019fa8df6888836938fa42ac6f16cc66)] -> class name: swordselect-list-item], [[ChromeDriver: chrome on XP (019fa8df6888836938fa42ac6f16cc66)] -> class name: swordselect-list-item], [[ChromeDriver: chrome on XP (019fa8df6888836938fa42ac6f16cc66)] -> class name: swordselect-list-item], [[ChromeDriver: chrome on XP (019fa8df6888836938fa42ac6f16cc66)] -> class name: swordselect-list-item], [[ChromeDriver: chrome on XP (019fa8df6888836938fa42ac6f16cc66)] -> class name: swordselect-list-item], [[ChromeDriver: chrome on XP (019fa8df6888836938fa42ac6f16cc66)] -> class name: swordselect-list-item], [[ChromeDriver: chrome on XP (019fa8df6888836938fa42ac6f16cc66)] -> class name: swordselect-list-item], [[ChromeDriver: chrome on XP (019fa8df6888836938fa42ac6f16cc66)] -> class name: swordselect-list-item], [[ChromeDriver: chrome on XP (019fa8df6888836938fa42ac6f16cc66)] -> class name: swordselect-list-item]]
[INFO] 2020-03-31 16:33:05 method: base.BaseTester.getElements(BaseTester.java:256)----得到的列表是：[[[ChromeDriver: chrome on XP (019fa8df6888836938fa42ac6f16cc66)] -> css selector: input[name='caseywlb']], [[ChromeDriver: chrome on XP (019fa8df6888836938fa42ac6f16cc66)] -> css selector: input[name='caseywlb']], [[ChromeDriver: chrome on XP (019fa8df6888836938fa42ac6f16cc66)] -> css selector: input[name='caseywlb']], [[ChromeDriver: chrome on XP (019fa8df6888836938fa42ac6f16cc66)] -> css selector: input[name='caseywlb']], [[ChromeDriver: chrome on XP (019fa8df6888836938fa42ac6f16cc66)] -> css selector: input[name='caseywlb']], [[ChromeDriver: chrome on XP (019fa8df6888836938fa42ac6f16cc66)] -> css selector: input[name='caseywlb']], [[ChromeDriver: chrome on XP (019fa8df6888836938fa42ac6f16cc66)] -> css selector: input[name='caseywlb']], [[ChromeDriver: chrome on XP (019fa8df6888836938fa42ac6f16cc66)] -> css selector: input[name='caseywlb']], [[ChromeDriver: chrome on XP (019fa8df6888836938fa42ac6f16cc66)] -> css selector: input[name='caseywlb']], [[ChromeDriver: chrome on XP (019fa8df6888836938fa42ac6f16cc66)] -> css selector: input[name='caseywlb']]]
[INFO] 2020-03-31 16:33:12 method: base.BaseTester.getElements(BaseTester.java:256)----得到的列表是：[[[ChromeDriver: chrome on XP (019fa8df6888836938fa42ac6f16cc66)] -> css selector: input[name='nsrpjdj']], [[ChromeDriver: chrome on XP (019fa8df6888836938fa42ac6f16cc66)] -> css selector: input[name='nsrpjdj']], [[ChromeDriver: chrome on XP (019fa8df6888836938fa42ac6f16cc66)] -> css selector: input[name='nsrpjdj']]]
[INFO] 2020-03-31 16:33:14 method: base.BaseTester.getElements(BaseTester.java:256)----得到的列表是：[[[ChromeDriver: chrome on XP (019fa8df6888836938fa42ac6f16cc66)] -> class name: swordselect-list-item], [[ChromeDriver: chrome on XP (019fa8df6888836938fa42ac6f16cc66)] -> class name: swordselect-list-item], [[ChromeDriver: chrome on XP (019fa8df6888836938fa42ac6f16cc66)] -> class name: swordselect-list-item], [[ChromeDriver: chrome on XP (019fa8df6888836938fa42ac6f16cc66)] -> class name: swordselect-list-item]]
[INFO] 2020-03-31 16:33:15 method: base.BaseTester.clear(BaseTester.java:171)----开始清空操作
[INFO] 2020-03-31 16:33:17 method: base.BaseTester.getElements(BaseTester.java:256)----得到的列表是：[[[ChromeDriver: chrome on XP (019fa8df6888836938fa42ac6f16cc66)] -> class name: swordselect-list-item], [[ChromeDriver: chrome on XP (019fa8df6888836938fa42ac6f16cc66)] -> class name: swordselect-list-item], [[ChromeDriver: chrome on XP (019fa8df6888836938fa42ac6f16cc66)] -> class name: swordselect-list-item]]
]]></system-out>
  </testcase>
  <testcase name="ywsl_xcsl_save_cxSave_success_test_case" classname="testcase.ywsl.xcsl.save.cxSave.CxSaveTester" time="27.578"/>
  <testcase name="ywsl_xcsl_save_cxSave_success_test_case" classname="testcase.ywsl.xcsl.save.cxSave.CxSaveTester" time="27.571"/>
  <testcase name="ywsl_xcsl_save_cxSave_success_test_case" classname="testcase.ywsl.xcsl.save.cxSave.CxSaveTester" time="22.882"/>
  <testcase name="ywsl_xcsl_save_zxSave_failure_test_case" classname="testcase.ywsl.xcsl.save.zxSave.ZxSaveTester" time="22.642"/>
  <testcase name="ywsl_xcsl_save_zxSave_failure_test_case" classname="testcase.ywsl.xcsl.save.zxSave.ZxSaveTester" time="21.319"/>
  <testcase name="ywsl_xcsl_save_zxSave_failure_test_case" classname="testcase.ywsl.xcsl.save.zxSave.ZxSaveTester" time="29.004"/>
  <testcase name="ywsl_xcsl_save_zxSave_failure_test_case" classname="testcase.ywsl.xcsl.save.zxSave.ZxSaveTester" time="34.59"/>
  <testcase name="ywsl_xcsl_save_zxSave_failure_test_case" classname="testcase.ywsl.xcsl.save.zxSave.ZxSaveTester" time="28.444"/>
  <testcase name="ywsl_xcsl_save_zxSave_success_test_case" classname="testcase.ywsl.xcsl.save.zxSave.ZxSaveTester" time="29.678"/>
  <testcase name="ywsl_xcsl_save_zxSave_success_test_case" classname="testcase.ywsl.xcsl.save.zxSave.ZxSaveTester" time="30.978"/>
  <testcase name="ywsl_xcsl_save_zxSave_success_test_case" classname="testcase.ywsl.xcsl.save.zxSave.ZxSaveTester" time="38.347"/>
  <testcase name="ywsl_xcsl_save_zxSave_success_test_case" classname="testcase.ywsl.xcsl.save.zxSave.ZxSaveTester" time="32.138"/>
  <testcase name="ywsl_xcsl_save_tsSave_failure_test_case" classname="testcase.ywsl.xcsl.save.tsSave.TsSaveTester" time="23.606">
    <failure message="Timed out after 5 seconds waiting for base.BaseTester$4@13bec6c&#10;Build info: version: &apos;2.53.1&apos;, revision: &apos;a36b8b1cd5757287168e54b817830adce9b0158d&apos;, time: &apos;2016-06-30 19:26:09&apos;&#10;System info: host: &apos;PC201703061101&apos;, ip: &apos;192.168.8.75&apos;, os.name: &apos;Windows 7&apos;, os.arch: &apos;x86&apos;, os.version: &apos;6.1&apos;, java.version: &apos;1.8.0_181&apos;&#10;Driver info: org.openqa.selenium.chrome.ChromeDriver&#10;Capabilities [{mobileEmulationEnabled=false, timeouts={implicit=0, pageLoad=300000, script=30000}, hasTouchScreen=false, platform=XP, acceptSslCerts=false, goog:chromeOptions={debuggerAddress=localhost:28666}, acceptInsecureCerts=false, webStorageEnabled=true, browserName=chrome, takesScreenshot=true, javascriptEnabled=true, setWindowRect=true, unexpectedAlertBehaviour=ignore, applicationCacheEnabled=false, rotatable=false, networkConnectionEnabled=false, chrome={chromedriverVersion=79.0.3945.36 (3582db32b33893869b8c1339e8f4d9ed1816f143-refs/branch-heads/3945@{#614}), userDataDir=C:\Users\ADMINI~1\AppData\Local\Temp\scoped_dir12272_722766244}, takesHeapSnapshot=true, pageLoadStrategy=normal, strictFileInteractability=false, databaseEnabled=false, handlesAlerts=true, version=79.0.3945.117, browserConnectionEnabled=false, proxy={}, nativeEvents=true, locationContextEnabled=true, cssSelectorsEnabled=true}]&#10;Session ID: 019fa8df6888836938fa42ac6f16cc66" type="org.openqa.selenium.TimeoutException">org.openqa.selenium.TimeoutException: 
Timed out after 5 seconds waiting for base.BaseTester$4@13bec6c
Build info: version: '2.53.1', revision: 'a36b8b1cd5757287168e54b817830adce9b0158d', time: '2016-06-30 19:26:09'
System info: host: 'PC201703061101', ip: '192.168.8.75', os.name: 'Windows 7', os.arch: 'x86', os.version: '6.1', java.version: '1.8.0_181'
Driver info: org.openqa.selenium.chrome.ChromeDriver
Capabilities [{mobileEmulationEnabled=false, timeouts={implicit=0, pageLoad=300000, script=30000}, hasTouchScreen=false, platform=XP, acceptSslCerts=false, goog:chromeOptions={debuggerAddress=localhost:28666}, acceptInsecureCerts=false, webStorageEnabled=true, browserName=chrome, takesScreenshot=true, javascriptEnabled=true, setWindowRect=true, unexpectedAlertBehaviour=ignore, applicationCacheEnabled=false, rotatable=false, networkConnectionEnabled=false, chrome={chromedriverVersion=79.0.3945.36 (3582db32b33893869b8c1339e8f4d9ed1816f143-refs/branch-heads/3945@{#614}), userDataDir=C:\Users\ADMINI~1\AppData\Local\Temp\scoped_dir12272_722766244}, takesHeapSnapshot=true, pageLoadStrategy=normal, strictFileInteractability=false, databaseEnabled=false, handlesAlerts=true, version=79.0.3945.117, browserConnectionEnabled=false, proxy={}, nativeEvents=true, locationContextEnabled=true, cssSelectorsEnabled=true}]
Session ID: 019fa8df6888836938fa42ac6f16cc66
	at testcase.ywsl.xcsl.save.tsSave.TsSaveTester.ywsl_xcsl_save_tsSave_failure_test_case(TsSaveTester.java:143)
</failure>
    <system-out><![CDATA[[INFO] 2020-03-31 16:39:26 method: base.BaseTester.switchToHandle(BaseTester.java:356)----句柄列表：[CDwindow-51EF89F8032CCAC51475ACEE71C0CB7F]
[INFO] 2020-03-31 16:39:29 method: base.BaseTester.switchToHandle(BaseTester.java:356)----句柄列表：[CDwindow-51EF89F8032CCAC51475ACEE71C0CB7F, CDwindow-2ED5E18E42393F41FD9C0316318CF9E7]
[INFO] 2020-03-31 16:39:33 method: base.BaseTester.getElements(BaseTester.java:256)----得到的列表是：[[[ChromeDriver: chrome on XP (019fa8df6888836938fa42ac6f16cc66)] -> css selector: input[name='caseywdwlx']], [[ChromeDriver: chrome on XP (019fa8df6888836938fa42ac6f16cc66)] -> css selector: input[name='caseywdwlx']], [[ChromeDriver: chrome on XP (019fa8df6888836938fa42ac6f16cc66)] -> css selector: input[name='caseywdwlx']], [[ChromeDriver: chrome on XP (019fa8df6888836938fa42ac6f16cc66)] -> css selector: input[name='caseywdwlx']]]
[INFO] 2020-03-31 16:39:34 method: base.BaseTester.getElements(BaseTester.java:256)----得到的列表是：[[[ChromeDriver: chrome on XP (019fa8df6888836938fa42ac6f16cc66)] -> class name: swordselect-list-item], [[ChromeDriver: chrome on XP (019fa8df6888836938fa42ac6f16cc66)] -> class name: swordselect-list-item], [[ChromeDriver: chrome on XP (019fa8df6888836938fa42ac6f16cc66)] -> class name: swordselect-list-item], [[ChromeDriver: chrome on XP (019fa8df6888836938fa42ac6f16cc66)] -> class name: swordselect-list-item], [[ChromeDriver: chrome on XP (019fa8df6888836938fa42ac6f16cc66)] -> class name: swordselect-list-item], [[ChromeDriver: chrome on XP (019fa8df6888836938fa42ac6f16cc66)] -> class name: swordselect-list-item], [[ChromeDriver: chrome on XP (019fa8df6888836938fa42ac6f16cc66)] -> class name: swordselect-list-item], [[ChromeDriver: chrome on XP (019fa8df6888836938fa42ac6f16cc66)] -> class name: swordselect-list-item], [[ChromeDriver: chrome on XP (019fa8df6888836938fa42ac6f16cc66)] -> class name: swordselect-list-item], [[ChromeDriver: chrome on XP (019fa8df6888836938fa42ac6f16cc66)] -> class name: swordselect-list-item], [[ChromeDriver: chrome on XP (019fa8df6888836938fa42ac6f16cc66)] -> class name: swordselect-list-item], [[ChromeDriver: chrome on XP (019fa8df6888836938fa42ac6f16cc66)] -> class name: swordselect-list-item], [[ChromeDriver: chrome on XP (019fa8df6888836938fa42ac6f16cc66)] -> class name: swordselect-list-item], [[ChromeDriver: chrome on XP (019fa8df6888836938fa42ac6f16cc66)] -> class name: swordselect-list-item], [[ChromeDriver: chrome on XP (019fa8df6888836938fa42ac6f16cc66)] -> class name: swordselect-list-item], [[ChromeDriver: chrome on XP (019fa8df6888836938fa42ac6f16cc66)] -> class name: swordselect-list-item], [[ChromeDriver: chrome on XP (019fa8df6888836938fa42ac6f16cc66)] -> class name: swordselect-list-item], [[ChromeDriver: chrome on XP (019fa8df6888836938fa42ac6f16cc66)] -> class name: swordselect-list-item], [[ChromeDriver: chrome on XP (019fa8df6888836938fa42ac6f16cc66)] -> class name: swordselect-list-item], [[ChromeDriver: chrome on XP (019fa8df6888836938fa42ac6f16cc66)] -> class name: swordselect-list-item], [[ChromeDriver: chrome on XP (019fa8df6888836938fa42ac6f16cc66)] -> class name: swordselect-list-item], [[ChromeDriver: chrome on XP (019fa8df6888836938fa42ac6f16cc66)] -> class name: swordselect-list-item], [[ChromeDriver: chrome on XP (019fa8df6888836938fa42ac6f16cc66)] -> class name: swordselect-list-item], [[ChromeDriver: chrome on XP (019fa8df6888836938fa42ac6f16cc66)] -> class name: swordselect-list-item], [[ChromeDriver: chrome on XP (019fa8df6888836938fa42ac6f16cc66)] -> class name: swordselect-list-item], [[ChromeDriver: chrome on XP (019fa8df6888836938fa42ac6f16cc66)] -> class name: swordselect-list-item], [[ChromeDriver: chrome on XP (019fa8df6888836938fa42ac6f16cc66)] -> class name: swordselect-list-item], [[ChromeDriver: chrome on XP (019fa8df6888836938fa42ac6f16cc66)] -> class name: swordselect-list-item], [[ChromeDriver: chrome on XP (019fa8df6888836938fa42ac6f16cc66)] -> class name: swordselect-list-item], [[ChromeDriver: chrome on XP (019fa8df6888836938fa42ac6f16cc66)] -> class name: swordselect-list-item], [[ChromeDriver: chrome on XP (019fa8df6888836938fa42ac6f16cc66)] -> class name: swordselect-list-item], [[ChromeDriver: chrome on XP (019fa8df6888836938fa42ac6f16cc66)] -> class name: swordselect-list-item], [[ChromeDriver: chrome on XP (019fa8df6888836938fa42ac6f16cc66)] -> class name: swordselect-list-item], [[ChromeDriver: chrome on XP (019fa8df6888836938fa42ac6f16cc66)] -> class name: swordselect-list-item]]
[INFO] 2020-03-31 16:39:36 method: base.BaseTester.getElements(BaseTester.java:256)----得到的列表是：[[[ChromeDriver: chrome on XP (019fa8df6888836938fa42ac6f16cc66)] -> class name: swordselect-list-item], [[ChromeDriver: chrome on XP (019fa8df6888836938fa42ac6f16cc66)] -> class name: swordselect-list-item], [[ChromeDriver: chrome on XP (019fa8df6888836938fa42ac6f16cc66)] -> class name: swordselect-list-item], [[ChromeDriver: chrome on XP (019fa8df6888836938fa42ac6f16cc66)] -> class name: swordselect-list-item]]
[INFO] 2020-03-31 16:39:36 method: base.BaseTester.getElements(BaseTester.java:256)----得到的列表是：[[[ChromeDriver: chrome on XP (019fa8df6888836938fa42ac6f16cc66)] -> class name: swordselect-list-item], [[ChromeDriver: chrome on XP (019fa8df6888836938fa42ac6f16cc66)] -> class name: swordselect-list-item], [[ChromeDriver: chrome on XP (019fa8df6888836938fa42ac6f16cc66)] -> class name: swordselect-list-item], [[ChromeDriver: chrome on XP (019fa8df6888836938fa42ac6f16cc66)] -> class name: swordselect-list-item], [[ChromeDriver: chrome on XP (019fa8df6888836938fa42ac6f16cc66)] -> class name: swordselect-list-item], [[ChromeDriver: chrome on XP (019fa8df6888836938fa42ac6f16cc66)] -> class name: swordselect-list-item], [[ChromeDriver: chrome on XP (019fa8df6888836938fa42ac6f16cc66)] -> class name: swordselect-list-item], [[ChromeDriver: chrome on XP (019fa8df6888836938fa42ac6f16cc66)] -> class name: swordselect-list-item], [[ChromeDriver: chrome on XP (019fa8df6888836938fa42ac6f16cc66)] -> class name: swordselect-list-item], [[ChromeDriver: chrome on XP (019fa8df6888836938fa42ac6f16cc66)] -> class name: swordselect-list-item], [[ChromeDriver: chrome on XP (019fa8df6888836938fa42ac6f16cc66)] -> class name: swordselect-list-item], [[ChromeDriver: chrome on XP (019fa8df6888836938fa42ac6f16cc66)] -> class name: swordselect-list-item], [[ChromeDriver: chrome on XP (019fa8df6888836938fa42ac6f16cc66)] -> class name: swordselect-list-item], [[ChromeDriver: chrome on XP (019fa8df6888836938fa42ac6f16cc66)] -> class name: swordselect-list-item], [[ChromeDriver: chrome on XP (019fa8df6888836938fa42ac6f16cc66)] -> class name: swordselect-list-item], [[ChromeDriver: chrome on XP (019fa8df6888836938fa42ac6f16cc66)] -> class name: swordselect-list-item], [[ChromeDriver: chrome on XP (019fa8df6888836938fa42ac6f16cc66)] -> class name: swordselect-list-item], [[ChromeDriver: chrome on XP (019fa8df6888836938fa42ac6f16cc66)] -> class name: swordselect-list-item], [[ChromeDriver: chrome on XP (019fa8df6888836938fa42ac6f16cc66)] -> class name: swordselect-list-item], [[ChromeDriver: chrome on XP (019fa8df6888836938fa42ac6f16cc66)] -> class name: swordselect-list-item], [[ChromeDriver: chrome on XP (019fa8df6888836938fa42ac6f16cc66)] -> class name: swordselect-list-item], [[ChromeDriver: chrome on XP (019fa8df6888836938fa42ac6f16cc66)] -> class name: swordselect-list-item]]
[INFO] 2020-03-31 16:39:37 method: base.BaseTester.getElements(BaseTester.java:256)----得到的列表是：[[[ChromeDriver: chrome on XP (019fa8df6888836938fa42ac6f16cc66)] -> css selector: input[name='caseywlb']], [[ChromeDriver: chrome on XP (019fa8df6888836938fa42ac6f16cc66)] -> css selector: input[name='caseywlb']], [[ChromeDriver: chrome on XP (019fa8df6888836938fa42ac6f16cc66)] -> css selector: input[name='caseywlb']], [[ChromeDriver: chrome on XP (019fa8df6888836938fa42ac6f16cc66)] -> css selector: input[name='caseywlb']], [[ChromeDriver: chrome on XP (019fa8df6888836938fa42ac6f16cc66)] -> css selector: input[name='caseywlb']], [[ChromeDriver: chrome on XP (019fa8df6888836938fa42ac6f16cc66)] -> css selector: input[name='caseywlb']], [[ChromeDriver: chrome on XP (019fa8df6888836938fa42ac6f16cc66)] -> css selector: input[name='caseywlb']], [[ChromeDriver: chrome on XP (019fa8df6888836938fa42ac6f16cc66)] -> css selector: input[name='caseywlb']], [[ChromeDriver: chrome on XP (019fa8df6888836938fa42ac6f16cc66)] -> css selector: input[name='caseywlb']], [[ChromeDriver: chrome on XP (019fa8df6888836938fa42ac6f16cc66)] -> css selector: input[name='caseywlb']]]
[INFO] 2020-03-31 16:39:38 method: base.BaseTester.getElements(BaseTester.java:256)----得到的列表是：[[[ChromeDriver: chrome on XP (019fa8df6888836938fa42ac6f16cc66)] -> class name: swordselect-list-item], [[ChromeDriver: chrome on XP (019fa8df6888836938fa42ac6f16cc66)] -> class name: swordselect-list-item], [[ChromeDriver: chrome on XP (019fa8df6888836938fa42ac6f16cc66)] -> class name: swordselect-list-item], [[ChromeDriver: chrome on XP (019fa8df6888836938fa42ac6f16cc66)] -> class name: swordselect-list-item], [[ChromeDriver: chrome on XP (019fa8df6888836938fa42ac6f16cc66)] -> class name: swordselect-list-item], [[ChromeDriver: chrome on XP (019fa8df6888836938fa42ac6f16cc66)] -> class name: swordselect-list-item], [[ChromeDriver: chrome on XP (019fa8df6888836938fa42ac6f16cc66)] -> class name: swordselect-list-item]]
[INFO] 2020-03-31 16:39:39 method: base.BaseTester.getElements(BaseTester.java:256)----得到的列表是：[[[ChromeDriver: chrome on XP (019fa8df6888836938fa42ac6f16cc66)] -> class name: swordselect-list-item], [[ChromeDriver: chrome on XP (019fa8df6888836938fa42ac6f16cc66)] -> class name: swordselect-list-item], [[ChromeDriver: chrome on XP (019fa8df6888836938fa42ac6f16cc66)] -> class name: swordselect-list-item], [[ChromeDriver: chrome on XP (019fa8df6888836938fa42ac6f16cc66)] -> class name: swordselect-list-item], [[ChromeDriver: chrome on XP (019fa8df6888836938fa42ac6f16cc66)] -> class name: swordselect-list-item], [[ChromeDriver: chrome on XP (019fa8df6888836938fa42ac6f16cc66)] -> class name: swordselect-list-item], [[ChromeDriver: chrome on XP (019fa8df6888836938fa42ac6f16cc66)] -> class name: swordselect-list-item], [[ChromeDriver: chrome on XP (019fa8df6888836938fa42ac6f16cc66)] -> class name: swordselect-list-item], [[ChromeDriver: chrome on XP (019fa8df6888836938fa42ac6f16cc66)] -> class name: swordselect-list-item]]
[INFO] 2020-03-31 16:39:43 method: base.BaseTester.getElements(BaseTester.java:256)----得到的列表是：[[[ChromeDriver: chrome on XP (019fa8df6888836938fa42ac6f16cc66)] -> css selector: input[name='nsrpjdj']], [[ChromeDriver: chrome on XP (019fa8df6888836938fa42ac6f16cc66)] -> css selector: input[name='nsrpjdj']], [[ChromeDriver: chrome on XP (019fa8df6888836938fa42ac6f16cc66)] -> css selector: input[name='nsrpjdj']]]
[INFO] 2020-03-31 16:39:43 method: base.BaseTester.getElements(BaseTester.java:256)----得到的列表是：[[[ChromeDriver: chrome on XP (019fa8df6888836938fa42ac6f16cc66)] -> class name: swordselect-list-item], [[ChromeDriver: chrome on XP (019fa8df6888836938fa42ac6f16cc66)] -> class name: swordselect-list-item], [[ChromeDriver: chrome on XP (019fa8df6888836938fa42ac6f16cc66)] -> class name: swordselect-list-item], [[ChromeDriver: chrome on XP (019fa8df6888836938fa42ac6f16cc66)] -> class name: swordselect-list-item], [[ChromeDriver: chrome on XP (019fa8df6888836938fa42ac6f16cc66)] -> class name: swordselect-list-item], [[ChromeDriver: chrome on XP (019fa8df6888836938fa42ac6f16cc66)] -> class name: swordselect-list-item], [[ChromeDriver: chrome on XP (019fa8df6888836938fa42ac6f16cc66)] -> class name: swordselect-list-item]]
[INFO] 2020-03-31 16:39:44 method: base.BaseTester.clear(BaseTester.java:171)----开始清空操作
[INFO] 2020-03-31 16:39:44 method: base.BaseTester.getElements(BaseTester.java:256)----得到的列表是：[[[ChromeDriver: chrome on XP (019fa8df6888836938fa42ac6f16cc66)] -> class name: swordselect-list-item], [[ChromeDriver: chrome on XP (019fa8df6888836938fa42ac6f16cc66)] -> class name: swordselect-list-item], [[ChromeDriver: chrome on XP (019fa8df6888836938fa42ac6f16cc66)] -> class name: swordselect-list-item]]
]]></system-out>
  </testcase>
  <testcase name="ywsl_xcsl_save_tsSave_failure_test_case" classname="testcase.ywsl.xcsl.save.tsSave.TsSaveTester" time="28.77">
    <failure message="Timed out after 5 seconds waiting for base.BaseTester$4@2d44f3&#10;Build info: version: &apos;2.53.1&apos;, revision: &apos;a36b8b1cd5757287168e54b817830adce9b0158d&apos;, time: &apos;2016-06-30 19:26:09&apos;&#10;System info: host: &apos;PC201703061101&apos;, ip: &apos;192.168.8.75&apos;, os.name: &apos;Windows 7&apos;, os.arch: &apos;x86&apos;, os.version: &apos;6.1&apos;, java.version: &apos;1.8.0_181&apos;&#10;Driver info: org.openqa.selenium.chrome.ChromeDriver&#10;Capabilities [{mobileEmulationEnabled=false, timeouts={implicit=0, pageLoad=300000, script=30000}, hasTouchScreen=false, platform=XP, acceptSslCerts=false, goog:chromeOptions={debuggerAddress=localhost:28666}, acceptInsecureCerts=false, webStorageEnabled=true, browserName=chrome, takesScreenshot=true, javascriptEnabled=true, setWindowRect=true, unexpectedAlertBehaviour=ignore, applicationCacheEnabled=false, rotatable=false, networkConnectionEnabled=false, chrome={chromedriverVersion=79.0.3945.36 (3582db32b33893869b8c1339e8f4d9ed1816f143-refs/branch-heads/3945@{#614}), userDataDir=C:\Users\ADMINI~1\AppData\Local\Temp\scoped_dir12272_722766244}, takesHeapSnapshot=true, pageLoadStrategy=normal, strictFileInteractability=false, databaseEnabled=false, handlesAlerts=true, version=79.0.3945.117, browserConnectionEnabled=false, proxy={}, nativeEvents=true, locationContextEnabled=true, cssSelectorsEnabled=true}]&#10;Session ID: 019fa8df6888836938fa42ac6f16cc66" type="org.openqa.selenium.TimeoutException">org.openqa.selenium.TimeoutException: 
Timed out after 5 seconds waiting for base.BaseTester$4@2d44f3
Build info: version: '2.53.1', revision: 'a36b8b1cd5757287168e54b817830adce9b0158d', time: '2016-06-30 19:26:09'
System info: host: 'PC201703061101', ip: '192.168.8.75', os.name: 'Windows 7', os.arch: 'x86', os.version: '6.1', java.version: '1.8.0_181'
Driver info: org.openqa.selenium.chrome.ChromeDriver
Capabilities [{mobileEmulationEnabled=false, timeouts={implicit=0, pageLoad=300000, script=30000}, hasTouchScreen=false, platform=XP, acceptSslCerts=false, goog:chromeOptions={debuggerAddress=localhost:28666}, acceptInsecureCerts=false, webStorageEnabled=true, browserName=chrome, takesScreenshot=true, javascriptEnabled=true, setWindowRect=true, unexpectedAlertBehaviour=ignore, applicationCacheEnabled=false, rotatable=false, networkConnectionEnabled=false, chrome={chromedriverVersion=79.0.3945.36 (3582db32b33893869b8c1339e8f4d9ed1816f143-refs/branch-heads/3945@{#614}), userDataDir=C:\Users\ADMINI~1\AppData\Local\Temp\scoped_dir12272_722766244}, takesHeapSnapshot=true, pageLoadStrategy=normal, strictFileInteractability=false, databaseEnabled=false, handlesAlerts=true, version=79.0.3945.117, browserConnectionEnabled=false, proxy={}, nativeEvents=true, locationContextEnabled=true, cssSelectorsEnabled=true}]
Session ID: 019fa8df6888836938fa42ac6f16cc66
	at testcase.ywsl.xcsl.save.tsSave.TsSaveTester.ywsl_xcsl_save_tsSave_failure_test_case(TsSaveTester.java:143)
</failure>
    <system-out><![CDATA[[INFO] 2020-03-31 16:39:51 method: base.BaseTester.switchToHandle(BaseTester.java:356)----句柄列表：[CDwindow-51EF89F8032CCAC51475ACEE71C0CB7F]
[INFO] 2020-03-31 16:39:54 method: base.BaseTester.switchToHandle(BaseTester.java:356)----句柄列表：[CDwindow-51EF89F8032CCAC51475ACEE71C0CB7F, CDwindow-CCE1C5E2DACEF809D1428ECC8EF323B8]
[INFO] 2020-03-31 16:39:58 method: base.BaseTester.getElements(BaseTester.java:256)----得到的列表是：[[[ChromeDriver: chrome on XP (019fa8df6888836938fa42ac6f16cc66)] -> css selector: input[name='caseywdwlx']], [[ChromeDriver: chrome on XP (019fa8df6888836938fa42ac6f16cc66)] -> css selector: input[name='caseywdwlx']], [[ChromeDriver: chrome on XP (019fa8df6888836938fa42ac6f16cc66)] -> css selector: input[name='caseywdwlx']], [[ChromeDriver: chrome on XP (019fa8df6888836938fa42ac6f16cc66)] -> css selector: input[name='caseywdwlx']]]
[INFO] 2020-03-31 16:39:59 method: base.BaseTester.getElements(BaseTester.java:256)----得到的列表是：[[[ChromeDriver: chrome on XP (019fa8df6888836938fa42ac6f16cc66)] -> class name: swordselect-list-item], [[ChromeDriver: chrome on XP (019fa8df6888836938fa42ac6f16cc66)] -> class name: swordselect-list-item], [[ChromeDriver: chrome on XP (019fa8df6888836938fa42ac6f16cc66)] -> class name: swordselect-list-item], [[ChromeDriver: chrome on XP (019fa8df6888836938fa42ac6f16cc66)] -> class name: swordselect-list-item], [[ChromeDriver: chrome on XP (019fa8df6888836938fa42ac6f16cc66)] -> class name: swordselect-list-item], [[ChromeDriver: chrome on XP (019fa8df6888836938fa42ac6f16cc66)] -> class name: swordselect-list-item], [[ChromeDriver: chrome on XP (019fa8df6888836938fa42ac6f16cc66)] -> class name: swordselect-list-item], [[ChromeDriver: chrome on XP (019fa8df6888836938fa42ac6f16cc66)] -> class name: swordselect-list-item], [[ChromeDriver: chrome on XP (019fa8df6888836938fa42ac6f16cc66)] -> class name: swordselect-list-item], [[ChromeDriver: chrome on XP (019fa8df6888836938fa42ac6f16cc66)] -> class name: swordselect-list-item], [[ChromeDriver: chrome on XP (019fa8df6888836938fa42ac6f16cc66)] -> class name: swordselect-list-item], [[ChromeDriver: chrome on XP (019fa8df6888836938fa42ac6f16cc66)] -> class name: swordselect-list-item], [[ChromeDriver: chrome on XP (019fa8df6888836938fa42ac6f16cc66)] -> class name: swordselect-list-item], [[ChromeDriver: chrome on XP (019fa8df6888836938fa42ac6f16cc66)] -> class name: swordselect-list-item], [[ChromeDriver: chrome on XP (019fa8df6888836938fa42ac6f16cc66)] -> class name: swordselect-list-item], [[ChromeDriver: chrome on XP (019fa8df6888836938fa42ac6f16cc66)] -> class name: swordselect-list-item], [[ChromeDriver: chrome on XP (019fa8df6888836938fa42ac6f16cc66)] -> class name: swordselect-list-item], [[ChromeDriver: chrome on XP (019fa8df6888836938fa42ac6f16cc66)] -> class name: swordselect-list-item], [[ChromeDriver: chrome on XP (019fa8df6888836938fa42ac6f16cc66)] -> class name: swordselect-list-item], [[ChromeDriver: chrome on XP (019fa8df6888836938fa42ac6f16cc66)] -> class name: swordselect-list-item], [[ChromeDriver: chrome on XP (019fa8df6888836938fa42ac6f16cc66)] -> class name: swordselect-list-item], [[ChromeDriver: chrome on XP (019fa8df6888836938fa42ac6f16cc66)] -> class name: swordselect-list-item], [[ChromeDriver: chrome on XP (019fa8df6888836938fa42ac6f16cc66)] -> class name: swordselect-list-item], [[ChromeDriver: chrome on XP (019fa8df6888836938fa42ac6f16cc66)] -> class name: swordselect-list-item], [[ChromeDriver: chrome on XP (019fa8df6888836938fa42ac6f16cc66)] -> class name: swordselect-list-item], [[ChromeDriver: chrome on XP (019fa8df6888836938fa42ac6f16cc66)] -> class name: swordselect-list-item], [[ChromeDriver: chrome on XP (019fa8df6888836938fa42ac6f16cc66)] -> class name: swordselect-list-item], [[ChromeDriver: chrome on XP (019fa8df6888836938fa42ac6f16cc66)] -> class name: swordselect-list-item], [[ChromeDriver: chrome on XP (019fa8df6888836938fa42ac6f16cc66)] -> class name: swordselect-list-item], [[ChromeDriver: chrome on XP (019fa8df6888836938fa42ac6f16cc66)] -> class name: swordselect-list-item], [[ChromeDriver: chrome on XP (019fa8df6888836938fa42ac6f16cc66)] -> class name: swordselect-list-item], [[ChromeDriver: chrome on XP (019fa8df6888836938fa42ac6f16cc66)] -> class name: swordselect-list-item], [[ChromeDriver: chrome on XP (019fa8df6888836938fa42ac6f16cc66)] -> class name: swordselect-list-item], [[ChromeDriver: chrome on XP (019fa8df6888836938fa42ac6f16cc66)] -> class name: swordselect-list-item]]
[INFO] 2020-03-31 16:40:00 method: base.BaseTester.getElements(BaseTester.java:256)----得到的列表是：[[[ChromeDriver: chrome on XP (019fa8df6888836938fa42ac6f16cc66)] -> class name: swordselect-list-item], [[ChromeDriver: chrome on XP (019fa8df6888836938fa42ac6f16cc66)] -> class name: swordselect-list-item], [[ChromeDriver: chrome on XP (019fa8df6888836938fa42ac6f16cc66)] -> class name: swordselect-list-item], [[ChromeDriver: chrome on XP (019fa8df6888836938fa42ac6f16cc66)] -> class name: swordselect-list-item]]
[INFO] 2020-03-31 16:40:01 method: base.BaseTester.getElements(BaseTester.java:256)----得到的列表是：[[[ChromeDriver: chrome on XP (019fa8df6888836938fa42ac6f16cc66)] -> class name: swordselect-list-item], [[ChromeDriver: chrome on XP (019fa8df6888836938fa42ac6f16cc66)] -> class name: swordselect-list-item], [[ChromeDriver: chrome on XP (019fa8df6888836938fa42ac6f16cc66)] -> class name: swordselect-list-item], [[ChromeDriver: chrome on XP (019fa8df6888836938fa42ac6f16cc66)] -> class name: swordselect-list-item], [[ChromeDriver: chrome on XP (019fa8df6888836938fa42ac6f16cc66)] -> class name: swordselect-list-item], [[ChromeDriver: chrome on XP (019fa8df6888836938fa42ac6f16cc66)] -> class name: swordselect-list-item], [[ChromeDriver: chrome on XP (019fa8df6888836938fa42ac6f16cc66)] -> class name: swordselect-list-item], [[ChromeDriver: chrome on XP (019fa8df6888836938fa42ac6f16cc66)] -> class name: swordselect-list-item], [[ChromeDriver: chrome on XP (019fa8df6888836938fa42ac6f16cc66)] -> class name: swordselect-list-item], [[ChromeDriver: chrome on XP (019fa8df6888836938fa42ac6f16cc66)] -> class name: swordselect-list-item], [[ChromeDriver: chrome on XP (019fa8df6888836938fa42ac6f16cc66)] -> class name: swordselect-list-item], [[ChromeDriver: chrome on XP (019fa8df6888836938fa42ac6f16cc66)] -> class name: swordselect-list-item], [[ChromeDriver: chrome on XP (019fa8df6888836938fa42ac6f16cc66)] -> class name: swordselect-list-item], [[ChromeDriver: chrome on XP (019fa8df6888836938fa42ac6f16cc66)] -> class name: swordselect-list-item], [[ChromeDriver: chrome on XP (019fa8df6888836938fa42ac6f16cc66)] -> class name: swordselect-list-item], [[ChromeDriver: chrome on XP (019fa8df6888836938fa42ac6f16cc66)] -> class name: swordselect-list-item], [[ChromeDriver: chrome on XP (019fa8df6888836938fa42ac6f16cc66)] -> class name: swordselect-list-item], [[ChromeDriver: chrome on XP (019fa8df6888836938fa42ac6f16cc66)] -> class name: swordselect-list-item], [[ChromeDriver: chrome on XP (019fa8df6888836938fa42ac6f16cc66)] -> class name: swordselect-list-item], [[ChromeDriver: chrome on XP (019fa8df6888836938fa42ac6f16cc66)] -> class name: swordselect-list-item], [[ChromeDriver: chrome on XP (019fa8df6888836938fa42ac6f16cc66)] -> class name: swordselect-list-item], [[ChromeDriver: chrome on XP (019fa8df6888836938fa42ac6f16cc66)] -> class name: swordselect-list-item]]
[INFO] 2020-03-31 16:40:02 method: base.BaseTester.getElements(BaseTester.java:256)----得到的列表是：[[[ChromeDriver: chrome on XP (019fa8df6888836938fa42ac6f16cc66)] -> css selector: input[name='caseywlb']], [[ChromeDriver: chrome on XP (019fa8df6888836938fa42ac6f16cc66)] -> css selector: input[name='caseywlb']], [[ChromeDriver: chrome on XP (019fa8df6888836938fa42ac6f16cc66)] -> css selector: input[name='caseywlb']], [[ChromeDriver: chrome on XP (019fa8df6888836938fa42ac6f16cc66)] -> css selector: input[name='caseywlb']], [[ChromeDriver: chrome on XP (019fa8df6888836938fa42ac6f16cc66)] -> css selector: input[name='caseywlb']], [[ChromeDriver: chrome on XP (019fa8df6888836938fa42ac6f16cc66)] -> css selector: input[name='caseywlb']], [[ChromeDriver: chrome on XP (019fa8df6888836938fa42ac6f16cc66)] -> css selector: input[name='caseywlb']], [[ChromeDriver: chrome on XP (019fa8df6888836938fa42ac6f16cc66)] -> css selector: input[name='caseywlb']], [[ChromeDriver: chrome on XP (019fa8df6888836938fa42ac6f16cc66)] -> css selector: input[name='caseywlb']], [[ChromeDriver: chrome on XP (019fa8df6888836938fa42ac6f16cc66)] -> css selector: input[name='caseywlb']]]
[INFO] 2020-03-31 16:40:03 method: base.BaseTester.getElements(BaseTester.java:256)----得到的列表是：[[[ChromeDriver: chrome on XP (019fa8df6888836938fa42ac6f16cc66)] -> class name: swordselect-list-item], [[ChromeDriver: chrome on XP (019fa8df6888836938fa42ac6f16cc66)] -> class name: swordselect-list-item], [[ChromeDriver: chrome on XP (019fa8df6888836938fa42ac6f16cc66)] -> class name: swordselect-list-item], [[ChromeDriver: chrome on XP (019fa8df6888836938fa42ac6f16cc66)] -> class name: swordselect-list-item], [[ChromeDriver: chrome on XP (019fa8df6888836938fa42ac6f16cc66)] -> class name: swordselect-list-item], [[ChromeDriver: chrome on XP (019fa8df6888836938fa42ac6f16cc66)] -> class name: swordselect-list-item], [[ChromeDriver: chrome on XP (019fa8df6888836938fa42ac6f16cc66)] -> class name: swordselect-list-item]]
[INFO] 2020-03-31 16:40:03 method: base.BaseTester.getElements(BaseTester.java:256)----得到的列表是：[[[ChromeDriver: chrome on XP (019fa8df6888836938fa42ac6f16cc66)] -> class name: swordselect-list-item], [[ChromeDriver: chrome on XP (019fa8df6888836938fa42ac6f16cc66)] -> class name: swordselect-list-item], [[ChromeDriver: chrome on XP (019fa8df6888836938fa42ac6f16cc66)] -> class name: swordselect-list-item], [[ChromeDriver: chrome on XP (019fa8df6888836938fa42ac6f16cc66)] -> class name: swordselect-list-item], [[ChromeDriver: chrome on XP (019fa8df6888836938fa42ac6f16cc66)] -> class name: swordselect-list-item], [[ChromeDriver: chrome on XP (019fa8df6888836938fa42ac6f16cc66)] -> class name: swordselect-list-item], [[ChromeDriver: chrome on XP (019fa8df6888836938fa42ac6f16cc66)] -> class name: swordselect-list-item], [[ChromeDriver: chrome on XP (019fa8df6888836938fa42ac6f16cc66)] -> class name: swordselect-list-item], [[ChromeDriver: chrome on XP (019fa8df6888836938fa42ac6f16cc66)] -> class name: swordselect-list-item]]
[INFO] 2020-03-31 16:40:07 method: base.BaseTester.getElements(BaseTester.java:256)----得到的列表是：[[[ChromeDriver: chrome on XP (019fa8df6888836938fa42ac6f16cc66)] -> css selector: input[name='nsrpjdj']], [[ChromeDriver: chrome on XP (019fa8df6888836938fa42ac6f16cc66)] -> css selector: input[name='nsrpjdj']], [[ChromeDriver: chrome on XP (019fa8df6888836938fa42ac6f16cc66)] -> css selector: input[name='nsrpjdj']]]
[INFO] 2020-03-31 16:40:08 method: base.BaseTester.getElements(BaseTester.java:256)----得到的列表是：[[[ChromeDriver: chrome on XP (019fa8df6888836938fa42ac6f16cc66)] -> class name: swordselect-list-item], [[ChromeDriver: chrome on XP (019fa8df6888836938fa42ac6f16cc66)] -> class name: swordselect-list-item], [[ChromeDriver: chrome on XP (019fa8df6888836938fa42ac6f16cc66)] -> class name: swordselect-list-item], [[ChromeDriver: chrome on XP (019fa8df6888836938fa42ac6f16cc66)] -> class name: swordselect-list-item], [[ChromeDriver: chrome on XP (019fa8df6888836938fa42ac6f16cc66)] -> class name: swordselect-list-item], [[ChromeDriver: chrome on XP (019fa8df6888836938fa42ac6f16cc66)] -> class name: swordselect-list-item], [[ChromeDriver: chrome on XP (019fa8df6888836938fa42ac6f16cc66)] -> class name: swordselect-list-item]]
[INFO] 2020-03-31 16:40:08 method: base.BaseTester.clear(BaseTester.java:171)----开始清空操作
[INFO] 2020-03-31 16:40:12 method: base.BaseTester.getElements(BaseTester.java:256)----得到的列表是：[[[ChromeDriver: chrome on XP (019fa8df6888836938fa42ac6f16cc66)] -> class name: sGrid_data_row_item_checkbox], [[ChromeDriver: chrome on XP (019fa8df6888836938fa42ac6f16cc66)] -> class name: sGrid_data_row_item_checkbox], [[ChromeDriver: chrome on XP (019fa8df6888836938fa42ac6f16cc66)] -> class name: sGrid_data_row_item_checkbox]]
[INFO] 2020-03-31 16:40:12 method: base.BaseTester.clickCheckBoxByIndex(BaseTester.java:566)----checkBox列表大小为：3
[INFO] 2020-03-31 16:40:14 method: base.BaseTester.getElements(BaseTester.java:256)----得到的列表是：[[[ChromeDriver: chrome on XP (019fa8df6888836938fa42ac6f16cc66)] -> class name: swordselect-list-item], [[ChromeDriver: chrome on XP (019fa8df6888836938fa42ac6f16cc66)] -> class name: swordselect-list-item], [[ChromeDriver: chrome on XP (019fa8df6888836938fa42ac6f16cc66)] -> class name: swordselect-list-item]]
]]></system-out>
  </testcase>
  <testcase name="ywsl_xcsl_save_tsSave_failure_test_case" classname="testcase.ywsl.xcsl.save.tsSave.TsSaveTester" time="24.631"/>
  <testcase name="ywsl_xcsl_save_tsSave_failure_test_case" classname="testcase.ywsl.xcsl.save.tsSave.TsSaveTester" time="23.292">
    <failure message="Timed out after 5 seconds waiting for base.BaseTester$4@18c3646&#10;Build info: version: &apos;2.53.1&apos;, revision: &apos;a36b8b1cd5757287168e54b817830adce9b0158d&apos;, time: &apos;2016-06-30 19:26:09&apos;&#10;System info: host: &apos;PC201703061101&apos;, ip: &apos;192.168.8.75&apos;, os.name: &apos;Windows 7&apos;, os.arch: &apos;x86&apos;, os.version: &apos;6.1&apos;, java.version: &apos;1.8.0_181&apos;&#10;Driver info: org.openqa.selenium.chrome.ChromeDriver&#10;Capabilities [{mobileEmulationEnabled=false, timeouts={implicit=0, pageLoad=300000, script=30000}, hasTouchScreen=false, platform=XP, acceptSslCerts=false, goog:chromeOptions={debuggerAddress=localhost:28666}, acceptInsecureCerts=false, webStorageEnabled=true, browserName=chrome, takesScreenshot=true, javascriptEnabled=true, setWindowRect=true, unexpectedAlertBehaviour=ignore, applicationCacheEnabled=false, rotatable=false, networkConnectionEnabled=false, chrome={chromedriverVersion=79.0.3945.36 (3582db32b33893869b8c1339e8f4d9ed1816f143-refs/branch-heads/3945@{#614}), userDataDir=C:\Users\ADMINI~1\AppData\Local\Temp\scoped_dir12272_722766244}, takesHeapSnapshot=true, pageLoadStrategy=normal, strictFileInteractability=false, databaseEnabled=false, handlesAlerts=true, version=79.0.3945.117, browserConnectionEnabled=false, proxy={}, nativeEvents=true, locationContextEnabled=true, cssSelectorsEnabled=true}]&#10;Session ID: 019fa8df6888836938fa42ac6f16cc66" type="org.openqa.selenium.TimeoutException">org.openqa.selenium.TimeoutException: 
Timed out after 5 seconds waiting for base.BaseTester$4@18c3646
Build info: version: '2.53.1', revision: 'a36b8b1cd5757287168e54b817830adce9b0158d', time: '2016-06-30 19:26:09'
System info: host: 'PC201703061101', ip: '192.168.8.75', os.name: 'Windows 7', os.arch: 'x86', os.version: '6.1', java.version: '1.8.0_181'
Driver info: org.openqa.selenium.chrome.ChromeDriver
Capabilities [{mobileEmulationEnabled=false, timeouts={implicit=0, pageLoad=300000, script=30000}, hasTouchScreen=false, platform=XP, acceptSslCerts=false, goog:chromeOptions={debuggerAddress=localhost:28666}, acceptInsecureCerts=false, webStorageEnabled=true, browserName=chrome, takesScreenshot=true, javascriptEnabled=true, setWindowRect=true, unexpectedAlertBehaviour=ignore, applicationCacheEnabled=false, rotatable=false, networkConnectionEnabled=false, chrome={chromedriverVersion=79.0.3945.36 (3582db32b33893869b8c1339e8f4d9ed1816f143-refs/branch-heads/3945@{#614}), userDataDir=C:\Users\ADMINI~1\AppData\Local\Temp\scoped_dir12272_722766244}, takesHeapSnapshot=true, pageLoadStrategy=normal, strictFileInteractability=false, databaseEnabled=false, handlesAlerts=true, version=79.0.3945.117, browserConnectionEnabled=false, proxy={}, nativeEvents=true, locationContextEnabled=true, cssSelectorsEnabled=true}]
Session ID: 019fa8df6888836938fa42ac6f16cc66
	at testcase.ywsl.xcsl.save.tsSave.TsSaveTester.ywsl_xcsl_save_tsSave_failure_test_case(TsSaveTester.java:143)
</failure>
    <system-out><![CDATA[[INFO] 2020-03-31 16:40:46 method: base.BaseTester.switchToHandle(BaseTester.java:356)----句柄列表：[CDwindow-51EF89F8032CCAC51475ACEE71C0CB7F]
[INFO] 2020-03-31 16:40:49 method: base.BaseTester.switchToHandle(BaseTester.java:356)----句柄列表：[CDwindow-51EF89F8032CCAC51475ACEE71C0CB7F, CDwindow-849144E6C2EEAD2E224EC5345ABF022C]
[INFO] 2020-03-31 16:40:54 method: base.BaseTester.getElements(BaseTester.java:256)----得到的列表是：[[[ChromeDriver: chrome on XP (019fa8df6888836938fa42ac6f16cc66)] -> css selector: input[name='caseywdwlx']], [[ChromeDriver: chrome on XP (019fa8df6888836938fa42ac6f16cc66)] -> css selector: input[name='caseywdwlx']], [[ChromeDriver: chrome on XP (019fa8df6888836938fa42ac6f16cc66)] -> css selector: input[name='caseywdwlx']], [[ChromeDriver: chrome on XP (019fa8df6888836938fa42ac6f16cc66)] -> css selector: input[name='caseywdwlx']]]
[INFO] 2020-03-31 16:40:54 method: base.BaseTester.getElements(BaseTester.java:256)----得到的列表是：[[[ChromeDriver: chrome on XP (019fa8df6888836938fa42ac6f16cc66)] -> class name: swordselect-list-item], [[ChromeDriver: chrome on XP (019fa8df6888836938fa42ac6f16cc66)] -> class name: swordselect-list-item], [[ChromeDriver: chrome on XP (019fa8df6888836938fa42ac6f16cc66)] -> class name: swordselect-list-item], [[ChromeDriver: chrome on XP (019fa8df6888836938fa42ac6f16cc66)] -> class name: swordselect-list-item], [[ChromeDriver: chrome on XP (019fa8df6888836938fa42ac6f16cc66)] -> class name: swordselect-list-item], [[ChromeDriver: chrome on XP (019fa8df6888836938fa42ac6f16cc66)] -> class name: swordselect-list-item], [[ChromeDriver: chrome on XP (019fa8df6888836938fa42ac6f16cc66)] -> class name: swordselect-list-item], [[ChromeDriver: chrome on XP (019fa8df6888836938fa42ac6f16cc66)] -> class name: swordselect-list-item], [[ChromeDriver: chrome on XP (019fa8df6888836938fa42ac6f16cc66)] -> class name: swordselect-list-item], [[ChromeDriver: chrome on XP (019fa8df6888836938fa42ac6f16cc66)] -> class name: swordselect-list-item], [[ChromeDriver: chrome on XP (019fa8df6888836938fa42ac6f16cc66)] -> class name: swordselect-list-item], [[ChromeDriver: chrome on XP (019fa8df6888836938fa42ac6f16cc66)] -> class name: swordselect-list-item], [[ChromeDriver: chrome on XP (019fa8df6888836938fa42ac6f16cc66)] -> class name: swordselect-list-item], [[ChromeDriver: chrome on XP (019fa8df6888836938fa42ac6f16cc66)] -> class name: swordselect-list-item], [[ChromeDriver: chrome on XP (019fa8df6888836938fa42ac6f16cc66)] -> class name: swordselect-list-item], [[ChromeDriver: chrome on XP (019fa8df6888836938fa42ac6f16cc66)] -> class name: swordselect-list-item], [[ChromeDriver: chrome on XP (019fa8df6888836938fa42ac6f16cc66)] -> class name: swordselect-list-item], [[ChromeDriver: chrome on XP (019fa8df6888836938fa42ac6f16cc66)] -> class name: swordselect-list-item], [[ChromeDriver: chrome on XP (019fa8df6888836938fa42ac6f16cc66)] -> class name: swordselect-list-item], [[ChromeDriver: chrome on XP (019fa8df6888836938fa42ac6f16cc66)] -> class name: swordselect-list-item], [[ChromeDriver: chrome on XP (019fa8df6888836938fa42ac6f16cc66)] -> class name: swordselect-list-item], [[ChromeDriver: chrome on XP (019fa8df6888836938fa42ac6f16cc66)] -> class name: swordselect-list-item], [[ChromeDriver: chrome on XP (019fa8df6888836938fa42ac6f16cc66)] -> class name: swordselect-list-item], [[ChromeDriver: chrome on XP (019fa8df6888836938fa42ac6f16cc66)] -> class name: swordselect-list-item], [[ChromeDriver: chrome on XP (019fa8df6888836938fa42ac6f16cc66)] -> class name: swordselect-list-item], [[ChromeDriver: chrome on XP (019fa8df6888836938fa42ac6f16cc66)] -> class name: swordselect-list-item], [[ChromeDriver: chrome on XP (019fa8df6888836938fa42ac6f16cc66)] -> class name: swordselect-list-item], [[ChromeDriver: chrome on XP (019fa8df6888836938fa42ac6f16cc66)] -> class name: swordselect-list-item], [[ChromeDriver: chrome on XP (019fa8df6888836938fa42ac6f16cc66)] -> class name: swordselect-list-item], [[ChromeDriver: chrome on XP (019fa8df6888836938fa42ac6f16cc66)] -> class name: swordselect-list-item], [[ChromeDriver: chrome on XP (019fa8df6888836938fa42ac6f16cc66)] -> class name: swordselect-list-item], [[ChromeDriver: chrome on XP (019fa8df6888836938fa42ac6f16cc66)] -> class name: swordselect-list-item], [[ChromeDriver: chrome on XP (019fa8df6888836938fa42ac6f16cc66)] -> class name: swordselect-list-item], [[ChromeDriver: chrome on XP (019fa8df6888836938fa42ac6f16cc66)] -> class name: swordselect-list-item]]
[INFO] 2020-03-31 16:40:56 method: base.BaseTester.getElements(BaseTester.java:256)----得到的列表是：[[[ChromeDriver: chrome on XP (019fa8df6888836938fa42ac6f16cc66)] -> class name: swordselect-list-item], [[ChromeDriver: chrome on XP (019fa8df6888836938fa42ac6f16cc66)] -> class name: swordselect-list-item], [[ChromeDriver: chrome on XP (019fa8df6888836938fa42ac6f16cc66)] -> class name: swordselect-list-item], [[ChromeDriver: chrome on XP (019fa8df6888836938fa42ac6f16cc66)] -> class name: swordselect-list-item]]
[INFO] 2020-03-31 16:40:57 method: base.BaseTester.getElements(BaseTester.java:256)----得到的列表是：[[[ChromeDriver: chrome on XP (019fa8df6888836938fa42ac6f16cc66)] -> class name: swordselect-list-item], [[ChromeDriver: chrome on XP (019fa8df6888836938fa42ac6f16cc66)] -> class name: swordselect-list-item], [[ChromeDriver: chrome on XP (019fa8df6888836938fa42ac6f16cc66)] -> class name: swordselect-list-item], [[ChromeDriver: chrome on XP (019fa8df6888836938fa42ac6f16cc66)] -> class name: swordselect-list-item], [[ChromeDriver: chrome on XP (019fa8df6888836938fa42ac6f16cc66)] -> class name: swordselect-list-item], [[ChromeDriver: chrome on XP (019fa8df6888836938fa42ac6f16cc66)] -> class name: swordselect-list-item], [[ChromeDriver: chrome on XP (019fa8df6888836938fa42ac6f16cc66)] -> class name: swordselect-list-item], [[ChromeDriver: chrome on XP (019fa8df6888836938fa42ac6f16cc66)] -> class name: swordselect-list-item], [[ChromeDriver: chrome on XP (019fa8df6888836938fa42ac6f16cc66)] -> class name: swordselect-list-item], [[ChromeDriver: chrome on XP (019fa8df6888836938fa42ac6f16cc66)] -> class name: swordselect-list-item], [[ChromeDriver: chrome on XP (019fa8df6888836938fa42ac6f16cc66)] -> class name: swordselect-list-item], [[ChromeDriver: chrome on XP (019fa8df6888836938fa42ac6f16cc66)] -> class name: swordselect-list-item], [[ChromeDriver: chrome on XP (019fa8df6888836938fa42ac6f16cc66)] -> class name: swordselect-list-item], [[ChromeDriver: chrome on XP (019fa8df6888836938fa42ac6f16cc66)] -> class name: swordselect-list-item], [[ChromeDriver: chrome on XP (019fa8df6888836938fa42ac6f16cc66)] -> class name: swordselect-list-item], [[ChromeDriver: chrome on XP (019fa8df6888836938fa42ac6f16cc66)] -> class name: swordselect-list-item], [[ChromeDriver: chrome on XP (019fa8df6888836938fa42ac6f16cc66)] -> class name: swordselect-list-item], [[ChromeDriver: chrome on XP (019fa8df6888836938fa42ac6f16cc66)] -> class name: swordselect-list-item], [[ChromeDriver: chrome on XP (019fa8df6888836938fa42ac6f16cc66)] -> class name: swordselect-list-item], [[ChromeDriver: chrome on XP (019fa8df6888836938fa42ac6f16cc66)] -> class name: swordselect-list-item], [[ChromeDriver: chrome on XP (019fa8df6888836938fa42ac6f16cc66)] -> class name: swordselect-list-item], [[ChromeDriver: chrome on XP (019fa8df6888836938fa42ac6f16cc66)] -> class name: swordselect-list-item]]
[INFO] 2020-03-31 16:40:58 method: base.BaseTester.getElements(BaseTester.java:256)----得到的列表是：[[[ChromeDriver: chrome on XP (019fa8df6888836938fa42ac6f16cc66)] -> css selector: input[name='caseywlb']], [[ChromeDriver: chrome on XP (019fa8df6888836938fa42ac6f16cc66)] -> css selector: input[name='caseywlb']], [[ChromeDriver: chrome on XP (019fa8df6888836938fa42ac6f16cc66)] -> css selector: input[name='caseywlb']], [[ChromeDriver: chrome on XP (019fa8df6888836938fa42ac6f16cc66)] -> css selector: input[name='caseywlb']], [[ChromeDriver: chrome on XP (019fa8df6888836938fa42ac6f16cc66)] -> css selector: input[name='caseywlb']], [[ChromeDriver: chrome on XP (019fa8df6888836938fa42ac6f16cc66)] -> css selector: input[name='caseywlb']], [[ChromeDriver: chrome on XP (019fa8df6888836938fa42ac6f16cc66)] -> css selector: input[name='caseywlb']], [[ChromeDriver: chrome on XP (019fa8df6888836938fa42ac6f16cc66)] -> css selector: input[name='caseywlb']], [[ChromeDriver: chrome on XP (019fa8df6888836938fa42ac6f16cc66)] -> css selector: input[name='caseywlb']], [[ChromeDriver: chrome on XP (019fa8df6888836938fa42ac6f16cc66)] -> css selector: input[name='caseywlb']]]
[INFO] 2020-03-31 16:40:58 method: base.BaseTester.getElements(BaseTester.java:256)----得到的列表是：[[[ChromeDriver: chrome on XP (019fa8df6888836938fa42ac6f16cc66)] -> class name: swordselect-list-item], [[ChromeDriver: chrome on XP (019fa8df6888836938fa42ac6f16cc66)] -> class name: swordselect-list-item], [[ChromeDriver: chrome on XP (019fa8df6888836938fa42ac6f16cc66)] -> class name: swordselect-list-item], [[ChromeDriver: chrome on XP (019fa8df6888836938fa42ac6f16cc66)] -> class name: swordselect-list-item], [[ChromeDriver: chrome on XP (019fa8df6888836938fa42ac6f16cc66)] -> class name: swordselect-list-item], [[ChromeDriver: chrome on XP (019fa8df6888836938fa42ac6f16cc66)] -> class name: swordselect-list-item], [[ChromeDriver: chrome on XP (019fa8df6888836938fa42ac6f16cc66)] -> class name: swordselect-list-item]]
[INFO] 2020-03-31 16:40:59 method: base.BaseTester.getElements(BaseTester.java:256)----得到的列表是：[[[ChromeDriver: chrome on XP (019fa8df6888836938fa42ac6f16cc66)] -> class name: swordselect-list-item], [[ChromeDriver: chrome on XP (019fa8df6888836938fa42ac6f16cc66)] -> class name: swordselect-list-item], [[ChromeDriver: chrome on XP (019fa8df6888836938fa42ac6f16cc66)] -> class name: swordselect-list-item], [[ChromeDriver: chrome on XP (019fa8df6888836938fa42ac6f16cc66)] -> class name: swordselect-list-item], [[ChromeDriver: chrome on XP (019fa8df6888836938fa42ac6f16cc66)] -> class name: swordselect-list-item], [[ChromeDriver: chrome on XP (019fa8df6888836938fa42ac6f16cc66)] -> class name: swordselect-list-item], [[ChromeDriver: chrome on XP (019fa8df6888836938fa42ac6f16cc66)] -> class name: swordselect-list-item], [[ChromeDriver: chrome on XP (019fa8df6888836938fa42ac6f16cc66)] -> class name: swordselect-list-item], [[ChromeDriver: chrome on XP (019fa8df6888836938fa42ac6f16cc66)] -> class name: swordselect-list-item]]
[INFO] 2020-03-31 16:41:03 method: base.BaseTester.getElements(BaseTester.java:256)----得到的列表是：[[[ChromeDriver: chrome on XP (019fa8df6888836938fa42ac6f16cc66)] -> css selector: input[name='nsrpjdj']], [[ChromeDriver: chrome on XP (019fa8df6888836938fa42ac6f16cc66)] -> css selector: input[name='nsrpjdj']], [[ChromeDriver: chrome on XP (019fa8df6888836938fa42ac6f16cc66)] -> css selector: input[name='nsrpjdj']]]
[INFO] 2020-03-31 16:41:03 method: base.BaseTester.getElements(BaseTester.java:256)----得到的列表是：[[[ChromeDriver: chrome on XP (019fa8df6888836938fa42ac6f16cc66)] -> class name: swordselect-list-item], [[ChromeDriver: chrome on XP (019fa8df6888836938fa42ac6f16cc66)] -> class name: swordselect-list-item], [[ChromeDriver: chrome on XP (019fa8df6888836938fa42ac6f16cc66)] -> class name: swordselect-list-item], [[ChromeDriver: chrome on XP (019fa8df6888836938fa42ac6f16cc66)] -> class name: swordselect-list-item], [[ChromeDriver: chrome on XP (019fa8df6888836938fa42ac6f16cc66)] -> class name: swordselect-list-item], [[ChromeDriver: chrome on XP (019fa8df6888836938fa42ac6f16cc66)] -> class name: swordselect-list-item], [[ChromeDriver: chrome on XP (019fa8df6888836938fa42ac6f16cc66)] -> class name: swordselect-list-item]]
[INFO] 2020-03-31 16:41:04 method: base.BaseTester.clear(BaseTester.java:171)----开始清空操作
[INFO] 2020-03-31 16:41:05 method: base.BaseTester.getElements(BaseTester.java:256)----得到的列表是：[[[ChromeDriver: chrome on XP (019fa8df6888836938fa42ac6f16cc66)] -> class name: swordselect-list-item], [[ChromeDriver: chrome on XP (019fa8df6888836938fa42ac6f16cc66)] -> class name: swordselect-list-item], [[ChromeDriver: chrome on XP (019fa8df6888836938fa42ac6f16cc66)] -> class name: swordselect-list-item]]
]]></system-out>
  </testcase>
  <testcase name="ywsl_xcsl_save_tsSave_failure_test_case" classname="testcase.ywsl.xcsl.save.tsSave.TsSaveTester" time="23.523">
    <failure message="Timed out after 5 seconds waiting for base.BaseTester$4@dfb31d&#10;Build info: version: &apos;2.53.1&apos;, revision: &apos;a36b8b1cd5757287168e54b817830adce9b0158d&apos;, time: &apos;2016-06-30 19:26:09&apos;&#10;System info: host: &apos;PC201703061101&apos;, ip: &apos;192.168.8.75&apos;, os.name: &apos;Windows 7&apos;, os.arch: &apos;x86&apos;, os.version: &apos;6.1&apos;, java.version: &apos;1.8.0_181&apos;&#10;Driver info: org.openqa.selenium.chrome.ChromeDriver&#10;Capabilities [{mobileEmulationEnabled=false, timeouts={implicit=0, pageLoad=300000, script=30000}, hasTouchScreen=false, platform=XP, acceptSslCerts=false, goog:chromeOptions={debuggerAddress=localhost:28666}, acceptInsecureCerts=false, webStorageEnabled=true, browserName=chrome, takesScreenshot=true, javascriptEnabled=true, setWindowRect=true, unexpectedAlertBehaviour=ignore, applicationCacheEnabled=false, rotatable=false, networkConnectionEnabled=false, chrome={chromedriverVersion=79.0.3945.36 (3582db32b33893869b8c1339e8f4d9ed1816f143-refs/branch-heads/3945@{#614}), userDataDir=C:\Users\ADMINI~1\AppData\Local\Temp\scoped_dir12272_722766244}, takesHeapSnapshot=true, pageLoadStrategy=normal, strictFileInteractability=false, databaseEnabled=false, handlesAlerts=true, version=79.0.3945.117, browserConnectionEnabled=false, proxy={}, nativeEvents=true, locationContextEnabled=true, cssSelectorsEnabled=true}]&#10;Session ID: 019fa8df6888836938fa42ac6f16cc66" type="org.openqa.selenium.TimeoutException">org.openqa.selenium.TimeoutException: 
Timed out after 5 seconds waiting for base.BaseTester$4@dfb31d
Build info: version: '2.53.1', revision: 'a36b8b1cd5757287168e54b817830adce9b0158d', time: '2016-06-30 19:26:09'
System info: host: 'PC201703061101', ip: '192.168.8.75', os.name: 'Windows 7', os.arch: 'x86', os.version: '6.1', java.version: '1.8.0_181'
Driver info: org.openqa.selenium.chrome.ChromeDriver
Capabilities [{mobileEmulationEnabled=false, timeouts={implicit=0, pageLoad=300000, script=30000}, hasTouchScreen=false, platform=XP, acceptSslCerts=false, goog:chromeOptions={debuggerAddress=localhost:28666}, acceptInsecureCerts=false, webStorageEnabled=true, browserName=chrome, takesScreenshot=true, javascriptEnabled=true, setWindowRect=true, unexpectedAlertBehaviour=ignore, applicationCacheEnabled=false, rotatable=false, networkConnectionEnabled=false, chrome={chromedriverVersion=79.0.3945.36 (3582db32b33893869b8c1339e8f4d9ed1816f143-refs/branch-heads/3945@{#614}), userDataDir=C:\Users\ADMINI~1\AppData\Local\Temp\scoped_dir12272_722766244}, takesHeapSnapshot=true, pageLoadStrategy=normal, strictFileInteractability=false, databaseEnabled=false, handlesAlerts=true, version=79.0.3945.117, browserConnectionEnabled=false, proxy={}, nativeEvents=true, locationContextEnabled=true, cssSelectorsEnabled=true}]
Session ID: 019fa8df6888836938fa42ac6f16cc66
	at testcase.ywsl.xcsl.save.tsSave.TsSaveTester.ywsl_xcsl_save_tsSave_failure_test_case(TsSaveTester.java:143)
</failure>
    <system-out><![CDATA[[INFO] 2020-03-31 16:41:11 method: base.BaseTester.switchToHandle(BaseTester.java:356)----句柄列表：[CDwindow-51EF89F8032CCAC51475ACEE71C0CB7F]
[INFO] 2020-03-31 16:41:14 method: base.BaseTester.switchToHandle(BaseTester.java:356)----句柄列表：[CDwindow-51EF89F8032CCAC51475ACEE71C0CB7F, CDwindow-EF0DA97DC35BF971359F743F29A54C0E]
[INFO] 2020-03-31 16:41:18 method: base.BaseTester.getElements(BaseTester.java:256)----得到的列表是：[[[ChromeDriver: chrome on XP (019fa8df6888836938fa42ac6f16cc66)] -> css selector: input[name='caseywdwlx']], [[ChromeDriver: chrome on XP (019fa8df6888836938fa42ac6f16cc66)] -> css selector: input[name='caseywdwlx']], [[ChromeDriver: chrome on XP (019fa8df6888836938fa42ac6f16cc66)] -> css selector: input[name='caseywdwlx']], [[ChromeDriver: chrome on XP (019fa8df6888836938fa42ac6f16cc66)] -> css selector: input[name='caseywdwlx']]]
[...]
[INFO] 2020-03-31 16:41:48 method: base.BaseTester.getElements(BaseTester.java:256)----得到的列表是：[[[ChromeDriver: chrome on XP (019fa8df6888836938fa42ac6f16cc66)] -> class name: swordselect-list-item], [[ChromeDriver: chrome on XP (019fa8df6888836938fa42ac6f16cc66)] -> class name: swordselect-list-item], [[ChromeDriver: chrome on XP (019fa8df6888836938fa42ac6f16cc66)] -> class name: swordselect-list-item], [[ChromeDriver: chrome on XP (019fa8df6888836938fa42ac6f16cc66)] -> class name: swordselect-list-item], [[ChromeDriver: chrome on XP (019fa8df6888836938fa42ac6f16cc66)] -> class name: swordselect-list-item], [[ChromeDriver: chrome on XP (019fa8df6888836938fa42ac6f16cc66)] -> class name: swordselect-list-item], [[ChromeDriver: chrome on XP (019fa8df6888836938fa42ac6f16cc66)] -> class name: swordselect-list-item], [[ChromeDriver: chrome on XP (019fa8df6888836938fa42ac6f16cc66)] -> class name: swordselect-list-item], [[ChromeDriver: chrome on XP (019fa8df6888836938fa42ac6f16cc66)] -> class name: swordselect-list-item]]
[INFO] 2020-03-31 16:41:49 method: base.BaseTester.getElements(BaseTester.java:256)----得到的列表是：[[[ChromeDriver: chrome on XP (019fa8df6888836938fa42ac6f16cc66)] -> css selector: input[name='smjb']], [[ChromeDriver: chrome on XP (019fa8df6888836938fa42ac6f16cc66)] -> css selector: input[name='smjb']]]
[INFO] 2020-03-31 16:41:49 method: base.BaseTester.getElements(BaseTester.java:256)----得到的列表是：[[[ChromeDriver: chrome on XP (019fa8df6888836938fa42ac6f16cc66)] -> css selector: input[name='nsrpjdj']], [[ChromeDriver: chrome on XP (019fa8df6888836938fa42ac6f16cc66)] -> css selector: input[name='nsrpjdj']], [[ChromeDriver: chrome on XP (019fa8df6888836938fa42ac6f16cc66)] -> css selector: input[name='nsrpjdj']]]
[INFO] 2020-03-31 16:41:50 method: base.BaseTester.getElements(BaseTester.java:256)----得到的列表是：[[[ChromeDriver: chrome on XP (019fa8df6888836938fa42ac6f16cc66)] -> class name: swordselect-list-item], [[ChromeDriver: chrome on XP (019fa8df6888836938fa42ac6f16cc66)] -> class name: swordselect-list-item], [[ChromeDriver: chrome on XP (019fa8df6888836938fa42ac6f16cc66)] -> class name: swordselect-list-item], [[ChromeDriver: chrome on XP (019fa8df6888836938fa42ac6f16cc66)] -> class name: swordselect-list-item], [[ChromeDriver: chrome on XP (019fa8df6888836938fa42ac6f16cc66)] -> class name: swordselect-list-item], [[ChromeDriver: chrome on XP (019fa8df6888836938fa42ac6f16cc66)] -> class name: swordselect-list-item], [[ChromeDriver: chrome on XP (019fa8df6888836938fa42ac6f16cc66)] -> class name: swordselect-list-item]]
[INFO] 2020-03-31 16:41:50 method: base.BaseTester.clear(BaseTester.java:171)----开始清空操作
[INFO] 2020-03-31 16:41:51 method: base.BaseTester.getElements(BaseTester.java:256)----得到的列表是：[[[ChromeDriver: chrome on XP (019fa8df6888836938fa42ac6f16cc66)] -> class name: swordselect-list-item], [[ChromeDriver: chrome on XP (019fa8df6888836938fa42ac6f16cc66)] -> class name: swordselect-list-item], [[ChromeDriver: chrome on XP (019fa8df6888836938fa42ac6f16cc66)] -> class name: swordselect-list-item]]
]]></system-out>
  </testcase>
  <testcase name="ywsl_xcsl_save_tsSave_failure_test_case" classname="testcase.ywsl.xcsl.save.tsSave.TsSaveTester" time="15.776"/>
  <testcase name="ywsl_xcsl_save_tsSave_failure_test_case" classname="testcase.ywsl.xcsl.save.tsSave.TsSaveTester" time="21.757">
    <failure message="Timed out after 5 seconds waiting for base.BaseTester$4@13eed88&#10;Build info: version: &apos;2.53.1&apos;, revision: &apos;a36b8b1cd5757287168e54b817830adce9b0158d&apos;, time: &apos;2016-06-30 19:26:09&apos;&#10;System info: host: &apos;PC201703061101&apos;, ip: &apos;192.168.8.75&apos;, os.name: &apos;Windows 7&apos;, os.arch: &apos;x86&apos;, os.version: &apos;6.1&apos;, java.version: &apos;1.8.0_181&apos;&#10;Driver info: org.openqa.selenium.chrome.ChromeDriver&#10;Capabilities [{mobileEmulationEnabled=false, timeouts={implicit=0, pageLoad=300000, script=30000}, hasTouchScreen=false, platform=XP, acceptSslCerts=false, goog:chromeOptions={debuggerAddress=localhost:28666}, acceptInsecureCerts=false, webStorageEnabled=true, browserName=chrome, takesScreenshot=true, javascriptEnabled=true, setWindowRect=true, unexpectedAlertBehaviour=ignore, applicationCacheEnabled=false, rotatable=false, networkConnectionEnabled=false, chrome={chromedriverVersion=79.0.3945.36 (3582db32b33893869b8c1339e8f4d9ed1816f143-refs/branch-heads/3945@{#614}), userDataDir=C:\Users\ADMINI~1\AppData\Local\Temp\scoped_dir12272_722766244}, takesHeapSnapshot=true, pageLoadStrategy=normal, strictFileInteractability=false, databaseEnabled=false, handlesAlerts=true, version=79.0.3945.117, browserConnectionEnabled=false, proxy={}, nativeEvents=true, locationContextEnabled=true, cssSelectorsEnabled=true}]&#10;Session ID: 019fa8df6888836938fa42ac6f16cc66" type="org.openqa.selenium.TimeoutException">org.openqa.selenium.TimeoutException: 
Timed out after 5 seconds waiting for base.BaseTester$4@13eed88
Build info: version: '2.53.1', revision: 'a36b8b1cd5757287168e54b817830adce9b0158d', time: '2016-06-30 19:26:09'
System info: host: 'PC201703061101', ip: '192.168.8.75', os.name: 'Windows 7', os.arch: 'x86', os.version: '6.1', java.version: '1.8.0_181'
Driver info: org.openqa.selenium.chrome.ChromeDriver
Capabilities [{mobileEmulationEnabled=false, timeouts={implicit=0, pageLoad=300000, script=30000}, hasTouchScreen=false, platform=XP, acceptSslCerts=false, goog:chromeOptions={debuggerAddress=localhost:28666}, acceptInsecureCerts=false, webStorageEnabled=true, browserName=chrome, takesScreenshot=true, javascriptEnabled=true, setWindowRect=true, unexpectedAlertBehaviour=ignore, applicationCacheEnabled=false, rotatable=false, networkConnectionEnabled=false, chrome={chromedriverVersion=79.0.3945.36 (3582db32b33893869b8c1339e8f4d9ed1816f143-refs/branch-heads/3945@{#614}), userDataDir=C:\Users\ADMINI~1\AppData\Local\Temp\scoped_dir12272_722766244}, takesHeapSnapshot=true, pageLoadStrategy=normal, strictFileInteractability=false, databaseEnabled=false, handlesAlerts=true, version=79.0.3945.117, browserConnectionEnabled=false, proxy={}, nativeEvents=true, locationContextEnabled=true, cssSelectorsEnabled=true}]
Session ID: 019fa8df6888836938fa42ac6f16cc66
	at testcase.ywsl.xcsl.save.tsSave.TsSaveTester.ywsl_xcsl_save_tsSave_failure_test_case(TsSaveTester.java:143)
</failure>
    <system-out><![CDATA[[INFO] 2020-03-31 16:42:14 method: base.BaseTester.switchToHandle(BaseTester.java:356)----句柄列表：[CDwindow-51EF89F8032CCAC51475ACEE71C0CB7F]
[INFO] 2020-03-31 16:42:17 method: base.BaseTester.switchToHandle(BaseTester.java:356)----句柄列表：[CDwindow-51EF89F8032CCAC51475ACEE71C0CB7F, CDwindow-62EBA60F8653C28A34FE3BE4165AB0D2]
[INFO] 2020-03-31 16:42:23 method: base.BaseTester.getElements(BaseTester.java:256)----得到的列表是：[[[ChromeDriver: chrome on XP (019fa8df6888836938fa42ac6f16cc66)] -> css selector: input[name='caseywdwlx']], [[ChromeDriver: chrome on XP (019fa8df6888836938fa42ac6f16cc66)] -> css selector: input[name='caseywdwlx']], [[ChromeDriver: chrome on XP (019fa8df6888836938fa42ac6f16cc66)] -> css selector: input[name='caseywdwlx']], [[ChromeDriver: chrome on XP (019fa8df6888836938fa42ac6f16cc66)] -> css selector: input[name='caseywdwlx']]]
[INFO] 2020-03-31 16:42:24 method: base.BaseTester.getElements(BaseTester.java:256)----得到的列表是：[[[ChromeDriver: chrome on XP (019fa8df6888836938fa42ac6f16cc66)] -> class name: swordselect-list-item], [[ChromeDriver: chrome on XP (019fa8df6888836938fa42ac6f16cc66)] -> class name: swordselect-list-item], [[ChromeDriver: chrome on XP (019fa8df6888836938fa42ac6f16cc66)] -> class name: swordselect-list-item], [[ChromeDriver: chrome on XP (019fa8df6888836938fa42ac6f16cc66)] -> class name: swordselect-list-item], [[ChromeDriver: chrome on XP (019fa8df6888836938fa42ac6f16cc66)] -> class name: swordselect-list-item], [[ChromeDriver: chrome on XP (019fa8df6888836938fa42ac6f16cc66)] -> class name: swordselect-list-item], [[ChromeDriver: chrome on XP (019fa8df6888836938fa42ac6f16cc66)] -> class name: swordselect-list-item], [[ChromeDriver: chrome on XP (019fa8df6888836938fa42ac6f16cc66)] -> class name: swordselect-list-item], [[ChromeDriver: chrome on XP (019fa8df6888836938fa42ac6f16cc66)] -> class name: swordselect-list-item], [[ChromeDriver: chrome on XP (019fa8df6888836938fa42ac6f16cc66)] -> class name: swordselect-list-item], [[ChromeDriver: chrome on XP (019fa8df6888836938fa42ac6f16cc66)] -> class name: swordselect-list-item], [[ChromeDriver: chrome on XP (019fa8df6888836938fa42ac6f16cc66)] -> class name: swordselect-list-item], [[ChromeDriver: chrome on XP (019fa8df6888836938fa42ac6f16cc66)] -> class name: swordselect-list-item], [[ChromeDriver: chrome on XP (019fa8df6888836938fa42ac6f16cc66)] -> class name: swordselect-list-item], [[ChromeDriver: chrome on XP (019fa8df6888836938fa42ac6f16cc66)] -> class name: swordselect-list-item], [[ChromeDriver: chrome on XP (019fa8df6888836938fa42ac6f16cc66)] -> class name: swordselect-list-item], [[ChromeDriver: chrome on XP (019fa8df6888836938fa42ac6f16cc66)] -> class name: swordselect-list-item], [[ChromeDriver: chrome on XP (019fa8df6888836938fa42ac6f16cc66)] -> class name: swordselect-list-item], [[ChromeDriver: chrome on XP (019fa8df6888836938fa42ac6f16cc66)] -> class name: swordselect-list-item], [[ChromeDriver: chrome on XP (019fa8df6888836938fa42ac6f16cc66)] -> class name: swordselect-list-item], [[ChromeDriver: chrome on XP (019fa8df6888836938fa42ac6f16cc66)] -> class name: swordselect-list-item], [[ChromeDriver: chrome on XP (019fa8df6888836938fa42ac6f16cc66)] -> class name: swordselect-list-item], [[ChromeDriver: chrome on XP (019fa8df6888836938fa42ac6f16cc66)] -> class name: swordselect-list-item], [[ChromeDriver: chrome on XP (019fa8df6888836938fa42ac6f16cc66)] -> class name: swordselect-list-item], [[ChromeDriver: chrome on XP (019fa8df6888836938fa42ac6f16cc66)] -> class name: swordselect-list-item], [[ChromeDriver: chrome on XP (019fa8df6888836938fa42ac6f16cc66)] -> class name: swordselect-list-item], [[ChromeDriver: chrome on XP (019fa8df6888836938fa42ac6f16cc66)] -> class name: swordselect-list-item], [[ChromeDriver: chrome on XP (019fa8df6888836938fa42ac6f16cc66)] -> class name: swordselect-list-item], [[ChromeDriver: chrome on XP (019fa8df6888836938fa42ac6f16cc66)] -> class name: swordselect-list-item], [[ChromeDriver: chrome on XP (019fa8df6888836938fa42ac6f16cc66)] -> class name: swordselect-list-item], [[ChromeDriver: chrome on XP (019fa8df6888836938fa42ac6f16cc66)] -> class name: swordselect-list-item], [[ChromeDriver: chrome on XP (019fa8df6888836938fa42ac6f16cc66)] -> class name: swordselect-list-item], [[ChromeDriver: chrome on XP (019fa8df6888836938fa42ac6f16cc66)] -> class name: swordselect-list-item], [[ChromeDriver: chrome on XP (019fa8df6888836938fa42ac6f16cc66)] -> class name: swordselect-list-item]]
[INFO] 2020-03-31 16:42:25 method: base.BaseTester.getElements(BaseTester.java:256)----得到的列表是：[[[ChromeDriver: chrome on XP (019fa8df6888836938fa42ac6f16cc66)] -> class name: swordselect-list-item], [[ChromeDriver: chrome on XP (019fa8df6888836938fa42ac6f16cc66)] -> class name: swordselect-list-item], [[ChromeDriver: chrome on XP (019fa8df6888836938fa42ac6f16cc66)] -> class name: swordselect-list-item], [[ChromeDriver: chrome on XP (019fa8df6888836938fa42ac6f16cc66)] -> class name: swordselect-list-item]]
[INFO] 2020-03-31 16:42:26 method: base.BaseTester.getElements(BaseTester.java:256)----得到的列表是：[[[ChromeDriver: chrome on XP (019fa8df6888836938fa42ac6f16cc66)] -> class name: swordselect-list-item], [[ChromeDriver: chrome on XP (019fa8df6888836938fa42ac6f16cc66)] -> class name: swordselect-list-item], [[ChromeDriver: chrome on XP (019fa8df6888836938fa42ac6f16cc66)] -> class name: swordselect-list-item], [[ChromeDriver: chrome on XP (019fa8df6888836938fa42ac6f16cc66)] -> class name: swordselect-list-item], [[ChromeDriver: chrome on XP (019fa8df6888836938fa42ac6f16cc66)] -> class name: swordselect-list-item], [[ChromeDriver: chrome on XP (019fa8df6888836938fa42ac6f16cc66)] -> class name: swordselect-list-item], [[ChromeDriver: chrome on XP (019fa8df6888836938fa42ac6f16cc66)] -> class name: swordselect-list-item], [[ChromeDriver: chrome on XP (019fa8df6888836938fa42ac6f16cc66)] -> class name: swordselect-list-item], [[ChromeDriver: chrome on XP (019fa8df6888836938fa42ac6f16cc66)] -> class name: swordselect-list-item], [[ChromeDriver: chrome on XP (019fa8df6888836938fa42ac6f16cc66)] -> class name: swordselect-list-item], [[ChromeDriver: chrome on XP (019fa8df6888836938fa42ac6f16cc66)] -> class name: swordselect-list-item], [[ChromeDriver: chrome on XP (019fa8df6888836938fa42ac6f16cc66)] -> class name: swordselect-list-item], [[ChromeDriver: chrome on XP (019fa8df6888836938fa42ac6f16cc66)] -> class name: swordselect-list-item], [[ChromeDriver: chrome on XP (019fa8df6888836938fa42ac6f16cc66)] -> class name: swordselect-list-item], [[ChromeDriver: chrome on XP (019fa8df6888836938fa42ac6f16cc66)] -> class name: swordselect-list-item], [[ChromeDriver: chrome on XP (019fa8df6888836938fa42ac6f16cc66)] -> class name: swordselect-list-item], [[ChromeDriver: chrome on XP (019fa8df6888836938fa42ac6f16cc66)] -> class name: swordselect-list-item], [[ChromeDriver: chrome on XP (019fa8df6888836938fa42ac6f16cc66)] -> class name: swordselect-list-item], [[ChromeDriver: chrome on XP (019fa8df6888836938fa42ac6f16cc66)] -> class name: swordselect-list-item], [[ChromeDriver: chrome on XP (019fa8df6888836938fa42ac6f16cc66)] -> class name: swordselect-list-item], [[ChromeDriver: chrome on XP (019fa8df6888836938fa42ac6f16cc66)] -> class name: swordselect-list-item], [[ChromeDriver: chrome on XP (019fa8df6888836938fa42ac6f16cc66)] -> class name: swordselect-list-item]]
[INFO] 2020-03-31 16:42:27 method: base.BaseTester.getElements(BaseTester.java:256)----得到的列表是：[[[ChromeDriver: chrome on XP (019fa8df6888836938fa42ac6f16cc66)] -> css selector: input[name='caseywlb']], [[ChromeDriver: chrome on XP (019fa8df6888836938fa42ac6f16cc66)] -> css selector: input[name='caseywlb']], [[ChromeDriver: chrome on XP (019fa8df6888836938fa42ac6f16cc66)] -> css selector: input[name='caseywlb']], [[ChromeDriver: chrome on XP (019fa8df6888836938fa42ac6f16cc66)] -> css selector: input[name='caseywlb']], [[ChromeDriver: chrome on XP (019fa8df6888836938fa42ac6f16cc66)] -> css selector: input[name='caseywlb']], [[ChromeDriver: chrome on XP (019fa8df6888836938fa42ac6f16cc66)] -> css selector: input[name='caseywlb']], [[ChromeDriver: chrome on XP (019fa8df6888836938fa42ac6f16cc66)] -> css selector: input[name='caseywlb']], [[ChromeDriver: chrome on XP (019fa8df6888836938fa42ac6f16cc66)] -> css selector: input[name='caseywlb']], [[ChromeDriver: chrome on XP (019fa8df6888836938fa42ac6f16cc66)] -> css selector: input[name='caseywlb']], [[ChromeDriver: chrome on XP (019fa8df6888836938fa42ac6f16cc66)] -> css selector: input[name='caseywlb']]]
[INFO] 2020-03-31 16:42:28 method: base.BaseTester.getElements(BaseTester.java:256)----得到的列表是：[[[ChromeDriver: chrome on XP (019fa8df6888836938fa42ac6f16cc66)] -> class name: swordselect-list-item], [[ChromeDriver: chrome on XP (019fa8df6888836938fa42ac6f16cc66)] -> class name: swordselect-list-item], [[ChromeDriver: chrome on XP (019fa8df6888836938fa42ac6f16cc66)] -> class name: swordselect-list-item], [[ChromeDriver: chrome on XP (019fa8df6888836938fa42ac6f16cc66)] -> class name: swordselect-list-item], [[ChromeDriver: chrome on XP (019fa8df6888836938fa42ac6f16cc66)] -> class name: swordselect-list-item], [[ChromeDriver: chrome on XP (019fa8df6888836938fa42ac6f16cc66)] -> class name: swordselect-list-item], [[ChromeDriver: chrome on XP (019fa8df6888836938fa42ac6f16cc66)] -> class name: swordselect-list-item]]
[INFO] 2020-03-31 16:42:28 method: base.BaseTester.getElements(BaseTester.java:256)----得到的列表是：[[[ChromeDriver: chrome on XP (019fa8df6888836938fa42ac6f16cc66)] -> class name: swordselect-list-item], [[ChromeDriver: chrome on XP (019fa8df6888836938fa42ac6f16cc66)] -> class name: swordselect-list-item], [[ChromeDriver: chrome on XP (019fa8df6888836938fa42ac6f16cc66)] -> class name: swordselect-list-item], [[ChromeDriver: chrome on XP (019fa8df6888836938fa42ac6f16cc66)] -> class name: swordselect-list-item], [[ChromeDriver: chrome on XP (019fa8df6888836938fa42ac6f16cc66)] -> class name: swordselect-list-item], [[ChromeDriver: chrome on XP (019fa8df6888836938fa42ac6f16cc66)] -> class name: swordselect-list-item], [[ChromeDriver: chrome on XP (019fa8df6888836938fa42ac6f16cc66)] -> class name: swordselect-list-item], [[ChromeDriver: chrome on XP (019fa8df6888836938fa42ac6f16cc66)] -> class name: swordselect-list-item], [[ChromeDriver: chrome on XP (019fa8df6888836938fa42ac6f16cc66)] -> class name: swordselect-list-item]]
[INFO] 2020-03-31 16:42:29 method: base.BaseTester.getElements(BaseTester.java:256)----得到的列表是：[[[ChromeDriver: chrome on XP (019fa8df6888836938fa42ac6f16cc66)] -> css selector: input[name='smjb']], [[ChromeDriver: chrome on XP (019fa8df6888836938fa42ac6f16cc66)] -> css selector: input[name='smjb']]]
[INFO] 2020-03-31 16:42:29 method: base.BaseTester.getElements(BaseTester.java:256)----得到的列表是：[[[ChromeDriver: chrome on XP (019fa8df6888836938fa42ac6f16cc66)] -> css selector: input[name='nsrpjdj']], [[ChromeDriver: chrome on XP (019fa8df6888836938fa42ac6f16cc66)] -> css selector: input[name='nsrpjdj']], [[ChromeDriver: chrome on XP (019fa8df6888836938fa42ac6f16cc66)] -> css selector: input[name='nsrpjdj']]]
[INFO] 2020-03-31 16:42:30 method: base.BaseTester.getElements(BaseTester.java:256)----得到的列表是：[[[ChromeDriver: chrome on XP (019fa8df6888836938fa42ac6f16cc66)] -> class name: swordselect-list-item], [[ChromeDriver: chrome on XP (019fa8df6888836938fa42ac6f16cc66)] -> class name: swordselect-list-item], [[ChromeDriver: chrome on XP (019fa8df6888836938fa42ac6f16cc66)] -> class name: swordselect-list-item], [[ChromeDriver: chrome on XP (019fa8df6888836938fa42ac6f16cc66)] -> class name: swordselect-list-item], [[ChromeDriver: chrome on XP (019fa8df6888836938fa42ac6f16cc66)] -> class name: swordselect-list-item], [[ChromeDriver: chrome on XP (019fa8df6888836938fa42ac6f16cc66)] -> class name: swordselect-list-item], [[ChromeDriver: chrome on XP (019fa8df6888836938fa42ac6f16cc66)] -> class name: swordselect-list-item]]
[INFO] 2020-03-31 16:42:31 method: base.BaseTester.clear(BaseTester.java:171)----开始清空操作
[INFO] 2020-03-31 16:42:31 method: base.BaseTester.getElements(BaseTester.java:256)----得到的列表是：[[[ChromeDriver: chrome on XP (019fa8df6888836938fa42ac6f16cc66)] -> class name: swordselect-list-item], [[ChromeDriver: chrome on XP (019fa8df6888836938fa42ac6f16cc66)] -> class name: swordselect-list-item], [[ChromeDriver: chrome on XP (019fa8df6888836938fa42ac6f16cc66)] -> class name: swordselect-list-item]]
]]></system-out>
  </testcase>
  <testcase name="ywsl_xcsl_save_tsSave_success_test_case" classname="testcase.ywsl.xcsl.save.tsSave.TsSaveTester" time="19.198"/>
  <testcase name="ywsl_xcsl_save_tsSave_success_test_case" classname="testcase.ywsl.xcsl.save.tsSave.TsSaveTester" time="23.909"/>
  <testcase name="ywsl_xcsl_save_tsSave_success_test_case" classname="testcase.ywsl.xcsl.save.tsSave.TsSaveTester" time="24.03"/>
  <testcase name="ywsl_xcsl_save_tsSave_success_test_case" classname="testcase.ywsl.xcsl.save.tsSave.TsSaveTester" time="15.784"/>
</testsuite>